0:0:0:0:0:0:0:1 - - [27/Dec/2016:00:03:04 +0800] "GET /about HTTP/1.1" 200 5077
0:0:0:0:0:0:0:1 - - [27/Dec/2016:00:03:04 +0800] "GET /static/css/font-awesome.min.css HTTP/1.1" 304 -
0:0:0:0:0:0:0:1 - - [27/Dec/2016:00:03:04 +0800] "GET /static/css/responsive.css HTTP/1.1" 304 -
0:0:0:0:0:0:0:1 - - [27/Dec/2016:00:03:04 +0800] "GET /static/css/prettyPhoto.css HTTP/1.1" 304 -
0:0:0:0:0:0:0:1 - - [27/Dec/2016:00:03:04 +0800] "GET /static/css/main.css HTTP/1.1" 304 -
0:0:0:0:0:0:0:1 - - [27/Dec/2016:00:03:04 +0800] "GET /static/css/bootstrap.min.css HTTP/1.1" 304 -
0:0:0:0:0:0:0:1 - - [27/Dec/2016:00:03:04 +0800] "GET /static/css/animate.min.css HTTP/1.1" 304 -
0:0:0:0:0:0:0:1 - - [27/Dec/2016:00:03:04 +0800] "GET /static/js/jquery.js HTTP/1.1" 304 -
0:0:0:0:0:0:0:1 - - [27/Dec/2016:00:03:04 +0800] "GET /static/js/bootstrap.min.js HTTP/1.1" 304 -
0:0:0:0:0:0:0:1 - - [27/Dec/2016:00:03:04 +0800] "GET /static/js/jquery.prettyPhoto.js HTTP/1.1" 304 -
0:0:0:0:0:0:0:1 - - [27/Dec/2016:00:03:04 +0800] "GET /static/js/jquery.isotope.min.js HTTP/1.1" 304 -
0:0:0:0:0:0:0:1 - - [27/Dec/2016:00:03:04 +0800] "GET /static/js/main.js HTTP/1.1" 304 -
0:0:0:0:0:0:0:1 - - [27/Dec/2016:00:03:04 +0800] "GET /static/js/wow.min.js HTTP/1.1" 304 -
0:0:0:0:0:0:0:1 - - [27/Dec/2016:00:03:04 +0800] "GET /static/images/logo.png HTTP/1.1" 200 4051
0:0:0:0:0:0:0:1 - - [27/Dec/2016:00:03:04 +0800] "GET /static/fonts/fontawesome-webfont.woff?v=4.0.3 HTTP/1.1" 304 -
0:0:0:0:0:0:0:1 - - [27/Dec/2016:00:03:06 +0800] "GET /static/images/logo.png HTTP/1.1" 304 -
0:0:0:0:0:0:0:1 - - [27/Dec/2016:00:03:06 +0800] "GET /static/images/services/services1.png HTTP/1.1" 304 -
0:0:0:0:0:0:0:1 - - [27/Dec/2016:00:03:06 +0800] "GET /static/images/services/services2.png HTTP/1.1" 304 -
0:0:0:0:0:0:0:1 - - [27/Dec/2016:00:03:07 +0800] "GET /static/images/services/services3.png HTTP/1.1" 304 -
0:0:0:0:0:0:0:1 - - [27/Dec/2016:00:03:07 +0800] "GET /static/images/portfolio/recent/item3.png HTTP/1.1" 304 -
0:0:0:0:0:0:0:1 - - [27/Dec/2016:00:03:07 +0800] "GET /static/images/services/services4.png HTTP/1.1" 304 -
0:0:0:0:0:0:0:1 - - [27/Dec/2016:00:03:07 +0800] "GET /static/images/services/services5.png HTTP/1.1" 304 -
0:0:0:0:0:0:0:1 - - [27/Dec/2016:00:03:07 +0800] "GET /static/images/services/services6.png HTTP/1.1" 304 -
0:0:0:0:0:0:0:1 - - [27/Dec/2016:00:03:07 +0800] "GET /static/images/slider/bg3.jpg HTTP/1.1" 304 -
0:0:0:0:0:0:0:1 - - [27/Dec/2016:00:03:07 +0800] "GET /static/images/slider/bg2.jpg HTTP/1.1" 304 -
0:0:0:0:0:0:0:1 - - [27/Dec/2016:00:03:07 +0800] "GET /static/images/services/bg_services.png HTTP/1.1" 304 -
0:0:0:0:0:0:0:1 - - [27/Dec/2016:00:03:07 +0800] "GET /static/images/slider/bg1.jpg HTTP/1.1" 304 -
0:0:0:0:0:0:0:1 - - [27/Dec/2016:00:03:07 +0800] "GET / HTTP/1.1" 200 43816
0:0:0:0:0:0:0:1 - - [27/Dec/2016:00:03:07 +0800] "GET /static/images/accordion1.png HTTP/1.1" 304 -
0:0:0:0:0:0:0:1 - - [27/Dec/2016:00:03:07 +0800] "GET /static/images/tab2.png HTTP/1.1" 304 -
0:0:0:0:0:0:0:1 - - [27/Dec/2016:00:03:07 +0800] "GET /static/images/tab1.png HTTP/1.1" 304 -
0:0:0:0:0:0:0:1 - - [27/Dec/2016:00:03:07 +0800] "GET /static/images/testimonials1.png HTTP/1.1" 304 -
0:0:0:0:0:0:0:1 - - [27/Dec/2016:00:03:07 +0800] "GET /static/images/partners/partner1.png HTTP/1.1" 304 -
0:0:0:0:0:0:0:1 - - [27/Dec/2016:00:03:07 +0800] "GET /static/images/partners/partner2.png HTTP/1.1" 304 -
0:0:0:0:0:0:0:1 - - [27/Dec/2016:00:03:07 +0800] "GET /static/images/partners/partner3.png HTTP/1.1" 304 -
0:0:0:0:0:0:0:1 - - [27/Dec/2016:00:03:07 +0800] "GET /static/images/partners/partner5.png HTTP/1.1" 304 -
0:0:0:0:0:0:0:1 - - [27/Dec/2016:00:03:07 +0800] "GET /static/images/partners/partner4.png HTTP/1.1" 304 -
0:0:0:0:0:0:0:1 - - [27/Dec/2016:00:03:07 +0800] "GET /static/images/partners/partner_bg.png HTTP/1.1" 304 -
0:0:0:0:0:0:0:1 - - [27/Dec/2016:00:03:07 +0800] "GET /static/images/contact.png HTTP/1.1" 304 -
