0:0:0:0:0:0:0:1 - - [29/Dec/2016:00:16:32 +0800] "GET / HTTP/1.1" 200 47627
0:0:0:0:0:0:0:1 - - [29/Dec/2016:00:16:32 +0800] "GET /static/images/portfolio/full/item5.jpg HTTP/1.1" 304 -
0:0:0:0:0:0:0:1 - - [29/Dec/2016:00:16:32 +0800] "GET /static/images/logo.jpg HTTP/1.1" 304 -
0:0:0:0:0:0:0:1 - - [29/Dec/2016:00:16:32 +0800] "GET /static/images/portfolio/full/item2.jpg HTTP/1.1" 304 -
0:0:0:0:0:0:0:1 - - [29/Dec/2016:00:16:32 +0800] "GET /static/images/portfolio/recent/item3.png HTTP/1.1" 304 -
0:0:0:0:0:0:0:1 - - [29/Dec/2016:00:16:32 +0800] "GET /static/images/portfolio/full/item4.jpg HTTP/1.1" 304 -
0:0:0:0:0:0:0:1 - - [29/Dec/2016:00:16:32 +0800] "GET /static/images/portfolio/full/item1.jpg HTTP/1.1" 304 -
0:0:0:0:0:0:0:1 - - [29/Dec/2016:00:16:32 +0800] "GET /static/images/slider/bg2.jpg HTTP/1.1" 304 -
0:0:0:0:0:0:0:1 - - [29/Dec/2016:00:16:32 +0800] "GET /static/images/slider/bg1.jpg HTTP/1.1" 304 -
0:0:0:0:0:0:0:1 - - [29/Dec/2016:00:16:32 +0800] "GET /static/images/slider/bg3.jpg HTTP/1.1" 304 -
0:0:0:0:0:0:0:1 - - [29/Dec/2016:00:16:40 +0800] "GET / HTTP/1.1" 200 47627
0:0:0:0:0:0:0:1 - - [29/Dec/2016:02:14:36 +0800] "GET /static/images/portfolio/full/item2.jpg HTTP/1.1" 304 -
0:0:0:0:0:0:0:1 - - [29/Dec/2016:02:14:36 +0800] "GET /static/images/portfolio/full/item4.jpg HTTP/1.1" 304 -
0:0:0:0:0:0:0:1 - - [29/Dec/2016:02:14:36 +0800] "GET /static/images/portfolio/full/item1.jpg HTTP/1.1" 304 -
0:0:0:0:0:0:0:1 - - [29/Dec/2016:02:14:36 +0800] "GET /static/images/logo.jpg HTTP/1.1" 304 -
0:0:0:0:0:0:0:1 - - [29/Dec/2016:02:14:36 +0800] "GET /static/images/portfolio/full/item5.jpg HTTP/1.1" 304 -
0:0:0:0:0:0:0:1 - - [29/Dec/2016:02:14:36 +0800] "GET / HTTP/1.1" 200 47745
0:0:0:0:0:0:0:1 - - [29/Dec/2016:02:14:36 +0800] "GET /static/images/slider/bg1.jpg HTTP/1.1" 304 -
0:0:0:0:0:0:0:1 - - [29/Dec/2016:02:14:36 +0800] "GET /static/images/slider/bg3.jpg HTTP/1.1" 304 -
0:0:0:0:0:0:0:1 - - [29/Dec/2016:02:14:36 +0800] "GET /static/images/slider/bg2.jpg HTTP/1.1" 304 -
0:0:0:0:0:0:0:1 - - [29/Dec/2016:02:14:43 +0800] "GET / HTTP/1.1" 200 47745
0:0:0:0:0:0:0:1 - - [29/Dec/2016:02:14:48 +0800] "GET / HTTP/1.1" 200 47745
0:0:0:0:0:0:0:1 - - [29/Dec/2016:02:15:00 +0800] "GET / HTTP/1.1" 200 47745
0:0:0:0:0:0:0:1 - - [29/Dec/2016:02:15:57 +0800] "GET / HTTP/1.1" 200 47745
0:0:0:0:0:0:0:1 - - [29/Dec/2016:02:15:57 +0800] "GET /static/css/font-awesome.min.css HTTP/1.1" 200 17780
0:0:0:0:0:0:0:1 - - [29/Dec/2016:02:15:57 +0800] "GET /static/css/prettyPhoto.css HTTP/1.1" 200 19888
0:0:0:0:0:0:0:1 - - [29/Dec/2016:02:15:57 +0800] "GET /static/css/animate.min.css HTTP/1.1" 200 55844
0:0:0:0:0:0:0:1 - - [29/Dec/2016:02:15:57 +0800] "GET /static/css/bootstrap.min.css HTTP/1.1" 200 99558
0:0:0:0:0:0:0:1 - - [29/Dec/2016:02:15:57 +0800] "GET /static/css/main.css HTTP/1.1" 200 45353
0:0:0:0:0:0:0:1 - - [29/Dec/2016:02:15:57 +0800] "GET /static/css/responsive.css HTTP/1.1" 200 4479
0:0:0:0:0:0:0:1 - - [29/Dec/2016:02:15:57 +0800] "GET /static/js/jquery.isotope.min.js HTTP/1.1" 200 16033
0:0:0:0:0:0:0:1 - - [29/Dec/2016:02:15:57 +0800] "GET /static/js/jquery.prettyPhoto.js HTTP/1.1" 200 22060
0:0:0:0:0:0:0:1 - - [29/Dec/2016:02:15:57 +0800] "GET /static/js/jquery.js HTTP/1.1" 200 93106
0:0:0:0:0:0:0:1 - - [29/Dec/2016:02:15:57 +0800] "GET /static/js/bootstrap.min.js HTTP/1.1" 200 27822
0:0:0:0:0:0:0:1 - - [29/Dec/2016:02:15:57 +0800] "GET /static/js/main.js HTTP/1.1" 200 1677
0:0:0:0:0:0:0:1 - - [29/Dec/2016:02:15:57 +0800] "GET /static/js/wow.min.js HTTP/1.1" 200 4776
0:0:0:0:0:0:0:1 - - [29/Dec/2016:02:15:57 +0800] "GET /static/images/portfolio/full/item2.jpg HTTP/1.1" 200 78103
0:0:0:0:0:0:0:1 - - [29/Dec/2016:02:15:57 +0800] "GET /static/images/logo.jpg HTTP/1.1" 200 28521
0:0:0:0:0:0:0:1 - - [29/Dec/2016:02:15:58 +0800] "GET /static/images/portfolio/full/item1.jpg HTTP/1.1" 200 81451
0:0:0:0:0:0:0:1 - - [29/Dec/2016:02:15:58 +0800] "GET /static/images/portfolio/full/item5.jpg HTTP/1.1" 200 76519
0:0:0:0:0:0:0:1 - - [29/Dec/2016:02:15:58 +0800] "GET /static/images/portfolio/full/item4.jpg HTTP/1.1" 200 77898
0:0:0:0:0:0:0:1 - - [29/Dec/2016:02:15:58 +0800] "GET /static/images/portfolio/recent/item3.png HTTP/1.1" 200 67173
0:0:0:0:0:0:0:1 - - [29/Dec/2016:02:15:58 +0800] "GET /static/images/slider/bg1.jpg HTTP/1.1" 200 824182
0:0:0:0:0:0:0:1 - - [29/Dec/2016:02:15:58 +0800] "GET /static/images/slider/bg3.jpg HTTP/1.1" 200 992411
0:0:0:0:0:0:0:1 - - [29/Dec/2016:02:15:58 +0800] "GET /static/fonts/fontawesome-webfont.woff?v=4.0.3 HTTP/1.1" 200 44432
0:0:0:0:0:0:0:1 - - [29/Dec/2016:02:15:59 +0800] "GET /static/images/slider/bg2.jpg HTTP/1.1" 200 1142249
