0:0:0:0:0:0:0:1 - - [26/Dec/2016:21:20:51 +0800] "GET /hello/contact HTTP/1.1" 200 14549
0:0:0:0:0:0:0:1 - - [26/Dec/2016:21:20:51 +0800] "GET /css/font-awesome.min.css HTTP/1.1" 200 17780
0:0:0:0:0:0:0:1 - - [26/Dec/2016:21:20:51 +0800] "GET /css/responsive.css HTTP/1.1" 200 4479
0:0:0:0:0:0:0:1 - - [26/Dec/2016:21:20:51 +0800] "GET /css/main.css HTTP/1.1" 200 45262
0:0:0:0:0:0:0:1 - - [26/Dec/2016:21:20:51 +0800] "GET /css/animate.min.css HTTP/1.1" 200 55844
0:0:0:0:0:0:0:1 - - [26/Dec/2016:21:20:51 +0800] "GET /css/prettyPhoto.css HTTP/1.1" 200 19888
0:0:0:0:0:0:0:1 - - [26/Dec/2016:21:20:51 +0800] "GET /js/jquery.js HTTP/1.1" 200 93106
0:0:0:0:0:0:0:1 - - [26/Dec/2016:21:20:51 +0800] "GET /css/bootstrap.min.css HTTP/1.1" 200 99558
0:0:0:0:0:0:0:1 - - [26/Dec/2016:21:20:51 +0800] "GET /js/bootstrap.min.js HTTP/1.1" 200 27822
0:0:0:0:0:0:0:1 - - [26/Dec/2016:21:20:51 +0800] "GET /js/jquery.prettyPhoto.js HTTP/1.1" 200 22060
0:0:0:0:0:0:0:1 - - [26/Dec/2016:21:20:51 +0800] "GET /js/jquery.isotope.min.js HTTP/1.1" 200 16033
0:0:0:0:0:0:0:1 - - [26/Dec/2016:21:20:51 +0800] "GET /js/main.js HTTP/1.1" 200 1677
0:0:0:0:0:0:0:1 - - [26/Dec/2016:21:20:51 +0800] "GET /images/logo.png HTTP/1.1" 200 5223
0:0:0:0:0:0:0:1 - - [26/Dec/2016:21:20:51 +0800] "GET /js/wow.min.js HTTP/1.1" 200 4776
0:0:0:0:0:0:0:1 - - [26/Dec/2016:21:20:52 +0800] "GET /fonts/fontawesome-webfont.woff?v=4.0.3 HTTP/1.1" 200 44432
0:0:0:0:0:0:0:1 - - [26/Dec/2016:21:20:52 +0800] "GET /images/map.jpg HTTP/1.1" 200 84150
0:0:0:0:0:0:0:1 - - [26/Dec/2016:21:21:29 +0800] "GET /hello HTTP/1.1" 200 145
0:0:0:0:0:0:0:1 - - [26/Dec/2016:21:21:42 +0800] "GET /index.html HTTP/1.1" 404 306
0:0:0:0:0:0:0:1 - - [26/Dec/2016:21:24:25 +0800] "GET /test/demo HTTP/1.1" 200 43841
0:0:0:0:0:0:0:1 - - [26/Dec/2016:21:24:25 +0800] "GET /test/css/font-awesome.min.css HTTP/1.1" 404 144
0:0:0:0:0:0:0:1 - - [26/Dec/2016:21:24:25 +0800] "GET /test/css/animate.min.css HTTP/1.1" 404 139
0:0:0:0:0:0:0:1 - - [26/Dec/2016:21:24:25 +0800] "GET /test/css/main.css HTTP/1.1" 404 132
0:0:0:0:0:0:0:1 - - [26/Dec/2016:21:24:25 +0800] "GET /test/css/prettyPhoto.css HTTP/1.1" 404 139
0:0:0:0:0:0:0:1 - - [26/Dec/2016:21:24:25 +0800] "GET /test/css/responsive.css HTTP/1.1" 404 138
0:0:0:0:0:0:0:1 - - [26/Dec/2016:21:24:25 +0800] "GET /test/css/bootstrap.min.css HTTP/1.1" 404 141
0:0:0:0:0:0:0:1 - - [26/Dec/2016:21:24:25 +0800] "GET /test/images/logo.png HTTP/1.1" 404 135
0:0:0:0:0:0:0:1 - - [26/Dec/2016:21:24:25 +0800] "GET /test/images/slider/img3.png HTTP/1.1" 404 142
0:0:0:0:0:0:0:1 - - [26/Dec/2016:21:24:25 +0800] "GET /test/images/slider/img1.png HTTP/1.1" 404 142
0:0:0:0:0:0:0:1 - - [26/Dec/2016:21:24:25 +0800] "GET /test/js/jquery.js HTTP/1.1" 404 132
0:0:0:0:0:0:0:1 - - [26/Dec/2016:21:24:25 +0800] "GET /test/images/portfolio/recent/item1.png HTTP/1.1" 404 153
0:0:0:0:0:0:0:1 - - [26/Dec/2016:21:24:25 +0800] "GET /test/images/portfolio/recent/item3.png HTTP/1.1" 404 153
0:0:0:0:0:0:0:1 - - [26/Dec/2016:21:24:25 +0800] "GET /test/images/portfolio/recent/item2.png HTTP/1.1" 404 153
0:0:0:0:0:0:0:1 - - [26/Dec/2016:21:24:25 +0800] "GET /test/images/portfolio/recent/item4.png HTTP/1.1" 404 153
0:0:0:0:0:0:0:1 - - [26/Dec/2016:21:24:25 +0800] "GET /test/images/portfolio/recent/item6.png HTTP/1.1" 404 153
0:0:0:0:0:0:0:1 - - [26/Dec/2016:21:24:25 +0800] "GET /test/images/services/services1.png HTTP/1.1" 404 149
0:0:0:0:0:0:0:1 - - [26/Dec/2016:21:24:25 +0800] "GET /test/images/portfolio/recent/item7.png HTTP/1.1" 404 153
0:0:0:0:0:0:0:1 - - [26/Dec/2016:21:24:25 +0800] "GET /test/images/slider/img2.png HTTP/1.1" 404 142
0:0:0:0:0:0:0:1 - - [26/Dec/2016:21:24:25 +0800] "GET /test/images/services/services2.png HTTP/1.1" 404 149
0:0:0:0:0:0:0:1 - - [26/Dec/2016:21:24:25 +0800] "GET /test/images/portfolio/recent/item5.png HTTP/1.1" 404 153
0:0:0:0:0:0:0:1 - - [26/Dec/2016:21:24:25 +0800] "GET /test/images/services/services3.png HTTP/1.1" 404 149
0:0:0:0:0:0:0:1 - - [26/Dec/2016:21:24:25 +0800] "GET /test/images/services/services4.png HTTP/1.1" 404 149
0:0:0:0:0:0:0:1 - - [26/Dec/2016:21:24:25 +0800] "GET /test/images/accordion1.png HTTP/1.1" 404 141
0:0:0:0:0:0:0:1 - - [26/Dec/2016:21:24:25 +0800] "GET /test/images/portfolio/recent/item8.png HTTP/1.1" 404 153
0:0:0:0:0:0:0:1 - - [26/Dec/2016:21:24:25 +0800] "GET /test/images/tab2.png HTTP/1.1" 404 135
0:0:0:0:0:0:0:1 - - [26/Dec/2016:21:24:25 +0800] "GET /test/images/tab1.png HTTP/1.1" 404 135
0:0:0:0:0:0:0:1 - - [26/Dec/2016:21:24:25 +0800] "GET /test/images/testimonials1.png HTTP/1.1" 404 144
0:0:0:0:0:0:0:1 - - [26/Dec/2016:21:24:25 +0800] "GET /test/images/services/services6.png HTTP/1.1" 404 149
0:0:0:0:0:0:0:1 - - [26/Dec/2016:21:24:25 +0800] "GET /test/images/partners/partner2.png HTTP/1.1" 404 148
0:0:0:0:0:0:0:1 - - [26/Dec/2016:21:24:25 +0800] "GET /test/images/services/services5.png HTTP/1.1" 404 149
0:0:0:0:0:0:0:1 - - [26/Dec/2016:21:24:25 +0800] "GET /test/images/partners/partner1.png HTTP/1.1" 404 148
0:0:0:0:0:0:0:1 - - [26/Dec/2016:21:24:25 +0800] "GET /test/js/bootstrap.min.js HTTP/1.1" 404 139
0:0:0:0:0:0:0:1 - - [26/Dec/2016:21:24:25 +0800] "GET /test/images/partners/partner3.png HTTP/1.1" 404 148
0:0:0:0:0:0:0:1 - - [26/Dec/2016:21:24:25 +0800] "GET /test/images/partners/partner4.png HTTP/1.1" 404 148
0:0:0:0:0:0:0:1 - - [26/Dec/2016:21:24:25 +0800] "GET /test/images/partners/partner5.png HTTP/1.1" 404 148
0:0:0:0:0:0:0:1 - - [26/Dec/2016:21:24:25 +0800] "GET /test/js/jquery.prettyPhoto.js HTTP/1.1" 404 144
0:0:0:0:0:0:0:1 - - [26/Dec/2016:21:24:25 +0800] "GET /test/js/jquery.isotope.min.js HTTP/1.1" 404 144
0:0:0:0:0:0:0:1 - - [26/Dec/2016:21:24:25 +0800] "GET /test/js/wow.min.js HTTP/1.1" 404 133
0:0:0:0:0:0:0:1 - - [26/Dec/2016:21:24:25 +0800] "GET /test/js/main.js HTTP/1.1" 404 130
0:0:0:0:0:0:0:1 - - [26/Dec/2016:21:24:25 +0800] "GET /test/js/jquery.isotope.min.js HTTP/1.1" 404 144
0:0:0:0:0:0:0:1 - - [26/Dec/2016:21:24:25 +0800] "GET /test/js/wow.min.js HTTP/1.1" 404 133
0:0:0:0:0:0:0:1 - - [26/Dec/2016:21:24:25 +0800] "GET /test/images/slider/bg1.jpg HTTP/1.1" 404 141
0:0:0:0:0:0:0:1 - - [26/Dec/2016:21:24:25 +0800] "GET /test/images/slider/bg2.jpg HTTP/1.1" 404 141
0:0:0:0:0:0:0:1 - - [26/Dec/2016:21:24:25 +0800] "GET /test/images/slider/bg3.jpg HTTP/1.1" 404 141
0:0:0:0:0:0:0:1 - - [26/Dec/2016:21:24:26 +0800] "GET /test/images/ico/favicon.ico HTTP/1.1" 404 142
0:0:0:0:0:0:0:1 - - [26/Dec/2016:21:24:57 +0800] "GET /hello HTTP/1.1" 200 145
0:0:0:0:0:0:0:1 - - [26/Dec/2016:22:20:53 +0800] "GET /test/demo HTTP/1.1" 200 8206
0:0:0:0:0:0:0:1 - - [26/Dec/2016:22:20:53 +0800] "GET /test/demo HTTP/1.1" 200 44423
0:0:0:0:0:0:0:1 - - [26/Dec/2016:22:20:53 +0800] "GET /static/css/prettyPhoto.css HTTP/1.1" 404 141
0:0:0:0:0:0:0:1 - - [26/Dec/2016:22:20:53 +0800] "GET /static/css/animate.min.css HTTP/1.1" 404 141
0:0:0:0:0:0:0:1 - - [26/Dec/2016:22:20:53 +0800] "GET /static/css/main.css HTTP/1.1" 404 134
0:0:0:0:0:0:0:1 - - [26/Dec/2016:22:20:53 +0800] "GET /static/css/responsive.css HTTP/1.1" 404 140
0:0:0:0:0:0:0:1 - - [26/Dec/2016:22:20:53 +0800] "GET /static/css/font-awesome.min.css HTTP/1.1" 404 146
0:0:0:0:0:0:0:1 - - [26/Dec/2016:22:20:53 +0800] "GET /static/css/bootstrap.min.css HTTP/1.1" 404 143
0:0:0:0:0:0:0:1 - - [26/Dec/2016:22:20:53 +0800] "GET /static/js/main.js HTTP/1.1" 404 132
0:0:0:0:0:0:0:1 - - [26/Dec/2016:22:20:53 +0800] "GET /static/js/jquery.js HTTP/1.1" 404 134
0:0:0:0:0:0:0:1 - - [26/Dec/2016:22:20:53 +0800] "GET /static/js/bootstrap.min.js HTTP/1.1" 404 141
0:0:0:0:0:0:0:1 - - [26/Dec/2016:22:20:53 +0800] "GET /static/js/wow.min.js HTTP/1.1" 404 135
0:0:0:0:0:0:0:1 - - [26/Dec/2016:22:20:53 +0800] "GET /static/js/jquery.isotope.min.js HTTP/1.1" 404 146
0:0:0:0:0:0:0:1 - - [26/Dec/2016:22:20:53 +0800] "GET /static/images/logo.png HTTP/1.1" 404 137
0:0:0:0:0:0:0:1 - - [26/Dec/2016:22:20:53 +0800] "GET /static/images/slider/img1.png HTTP/1.1" 404 144
0:0:0:0:0:0:0:1 - - [26/Dec/2016:22:20:53 +0800] "GET /static/images/portfolio/recent/item1.png HTTP/1.1" 404 155
0:0:0:0:0:0:0:1 - - [26/Dec/2016:22:20:53 +0800] "GET /static/images/portfolio/recent/item4.png HTTP/1.1" 404 155
0:0:0:0:0:0:0:1 - - [26/Dec/2016:22:20:53 +0800] "GET /static/images/slider/img2.png HTTP/1.1" 404 144
0:0:0:0:0:0:0:1 - - [26/Dec/2016:22:20:53 +0800] "GET /static/images/slider/img3.png HTTP/1.1" 404 144
0:0:0:0:0:0:0:1 - - [26/Dec/2016:22:20:53 +0800] "GET /static/js/jquery.prettyPhoto.js HTTP/1.1" 404 146
0:0:0:0:0:0:0:1 - - [26/Dec/2016:22:20:53 +0800] "GET /static/images/portfolio/recent/item2.png HTTP/1.1" 404 155
0:0:0:0:0:0:0:1 - - [26/Dec/2016:22:20:53 +0800] "GET /static/images/portfolio/recent/item3.png HTTP/1.1" 404 155
0:0:0:0:0:0:0:1 - - [26/Dec/2016:22:20:53 +0800] "GET /static/images/portfolio/recent/item5.png HTTP/1.1" 404 155
0:0:0:0:0:0:0:1 - - [26/Dec/2016:22:20:53 +0800] "GET /static/images/portfolio/recent/item6.png HTTP/1.1" 404 155
0:0:0:0:0:0:0:1 - - [26/Dec/2016:22:20:53 +0800] "GET /static/images/portfolio/recent/item7.png HTTP/1.1" 404 155
0:0:0:0:0:0:0:1 - - [26/Dec/2016:22:20:53 +0800] "GET /static/images/portfolio/recent/item8.png HTTP/1.1" 404 155
0:0:0:0:0:0:0:1 - - [26/Dec/2016:22:20:53 +0800] "GET /static/images/services/services1.png HTTP/1.1" 404 151
0:0:0:0:0:0:0:1 - - [26/Dec/2016:22:20:53 +0800] "GET /static/images/services/services4.png HTTP/1.1" 404 151
0:0:0:0:0:0:0:1 - - [26/Dec/2016:22:20:53 +0800] "GET /static/images/services/services2.png HTTP/1.1" 404 151
0:0:0:0:0:0:0:1 - - [26/Dec/2016:22:20:53 +0800] "GET /static/images/services/services3.png HTTP/1.1" 404 151
0:0:0:0:0:0:0:1 - - [26/Dec/2016:22:20:54 +0800] "GET /static/images/services/services5.png HTTP/1.1" 404 151
0:0:0:0:0:0:0:1 - - [26/Dec/2016:22:20:54 +0800] "GET /static/images/services/services6.png HTTP/1.1" 404 151
0:0:0:0:0:0:0:1 - - [26/Dec/2016:22:20:54 +0800] "GET /static/images/accordion1.png HTTP/1.1" 404 143
0:0:0:0:0:0:0:1 - - [26/Dec/2016:22:20:54 +0800] "GET /static/images/tab1.png HTTP/1.1" 404 137
0:0:0:0:0:0:0:1 - - [26/Dec/2016:22:20:54 +0800] "GET /static/images/tab2.png HTTP/1.1" 404 137
0:0:0:0:0:0:0:1 - - [26/Dec/2016:22:20:54 +0800] "GET /static/images/testimonials1.png HTTP/1.1" 404 146
0:0:0:0:0:0:0:1 - - [26/Dec/2016:22:20:54 +0800] "GET /static/images/partners/partner1.png HTTP/1.1" 404 150
0:0:0:0:0:0:0:1 - - [26/Dec/2016:22:20:54 +0800] "GET /static/images/partners/partner3.png HTTP/1.1" 404 150
0:0:0:0:0:0:0:1 - - [26/Dec/2016:22:20:54 +0800] "GET /static/images/partners/partner2.png HTTP/1.1" 404 150
0:0:0:0:0:0:0:1 - - [26/Dec/2016:22:20:54 +0800] "GET /static/images/partners/partner4.png HTTP/1.1" 404 150
0:0:0:0:0:0:0:1 - - [26/Dec/2016:22:20:54 +0800] "GET /static/images/partners/partner5.png HTTP/1.1" 404 150
0:0:0:0:0:0:0:1 - - [26/Dec/2016:22:20:54 +0800] "GET /static/images/slider/bg1.jpg HTTP/1.1" 404 143
0:0:0:0:0:0:0:1 - - [26/Dec/2016:22:20:54 +0800] "GET /static/images/slider/bg2.jpg HTTP/1.1" 404 143
0:0:0:0:0:0:0:1 - - [26/Dec/2016:22:20:54 +0800] "GET /static/images/slider/bg3.jpg HTTP/1.1" 404 143
0:0:0:0:0:0:0:1 - - [26/Dec/2016:22:20:54 +0800] "GET /static/js/jquery.isotope.min.js HTTP/1.1" 404 146
0:0:0:0:0:0:0:1 - - [26/Dec/2016:22:20:54 +0800] "GET /static/js/main.js HTTP/1.1" 404 132
0:0:0:0:0:0:0:1 - - [26/Dec/2016:22:20:54 +0800] "GET /static/js/wow.min.js HTTP/1.1" 404 135
0:0:0:0:0:0:0:1 - - [26/Dec/2016:22:20:54 +0800] "GET /static/images/ico/favicon.ico HTTP/1.1" 200 1150
0:0:0:0:0:0:0:1 - - [26/Dec/2016:22:21:19 +0800] "GET /hello HTTP/1.1" 200 44423
0:0:0:0:0:0:0:1 - - [26/Dec/2016:22:21:19 +0800] "GET /static/css/animate.min.css HTTP/1.1" 404 141
0:0:0:0:0:0:0:1 - - [26/Dec/2016:22:21:19 +0800] "GET /static/css/prettyPhoto.css HTTP/1.1" 404 141
0:0:0:0:0:0:0:1 - - [26/Dec/2016:22:21:19 +0800] "GET /static/css/responsive.css HTTP/1.1" 404 140
0:0:0:0:0:0:0:1 - - [26/Dec/2016:22:21:19 +0800] "GET /static/css/main.css HTTP/1.1" 404 134
0:0:0:0:0:0:0:1 - - [26/Dec/2016:22:21:19 +0800] "GET /static/css/bootstrap.min.css HTTP/1.1" 404 143
0:0:0:0:0:0:0:1 - - [26/Dec/2016:22:21:19 +0800] "GET /static/css/font-awesome.min.css HTTP/1.1" 404 146
0:0:0:0:0:0:0:1 - - [26/Dec/2016:22:21:19 +0800] "GET /static/js/jquery.js HTTP/1.1" 404 134
0:0:0:0:0:0:0:1 - - [26/Dec/2016:22:21:19 +0800] "GET /static/js/bootstrap.min.js HTTP/1.1" 404 141
0:0:0:0:0:0:0:1 - - [26/Dec/2016:22:21:19 +0800] "GET /static/js/jquery.isotope.min.js HTTP/1.1" 404 146
0:0:0:0:0:0:0:1 - - [26/Dec/2016:22:21:19 +0800] "GET /static/js/jquery.prettyPhoto.js HTTP/1.1" 404 146
0:0:0:0:0:0:0:1 - - [26/Dec/2016:22:21:19 +0800] "GET /static/js/main.js HTTP/1.1" 404 132
0:0:0:0:0:0:0:1 - - [26/Dec/2016:22:21:19 +0800] "GET /static/images/logo.png HTTP/1.1" 404 137
0:0:0:0:0:0:0:1 - - [26/Dec/2016:22:21:19 +0800] "GET /static/images/slider/img1.png HTTP/1.1" 404 144
0:0:0:0:0:0:0:1 - - [26/Dec/2016:22:21:19 +0800] "GET /static/images/slider/img2.png HTTP/1.1" 404 144
0:0:0:0:0:0:0:1 - - [26/Dec/2016:22:21:19 +0800] "GET /static/images/slider/img3.png HTTP/1.1" 404 144
0:0:0:0:0:0:0:1 - - [26/Dec/2016:22:21:19 +0800] "GET /static/images/slider/bg1.jpg HTTP/1.1" 404 143
0:0:0:0:0:0:0:1 - - [26/Dec/2016:22:21:19 +0800] "GET /static/images/slider/bg3.jpg HTTP/1.1" 404 143
0:0:0:0:0:0:0:1 - - [26/Dec/2016:22:21:19 +0800] "GET /static/js/wow.min.js HTTP/1.1" 404 135
0:0:0:0:0:0:0:1 - - [26/Dec/2016:22:21:19 +0800] "GET /static/images/slider/bg2.jpg HTTP/1.1" 404 143
0:0:0:0:0:0:0:1 - - [26/Dec/2016:22:21:19 +0800] "GET /static/images/portfolio/recent/item1.png HTTP/1.1" 404 155
0:0:0:0:0:0:0:1 - - [26/Dec/2016:22:21:19 +0800] "GET /static/images/portfolio/recent/item2.png HTTP/1.1" 404 155
0:0:0:0:0:0:0:1 - - [26/Dec/2016:22:21:19 +0800] "GET /static/js/jquery.isotope.min.js HTTP/1.1" 404 146
0:0:0:0:0:0:0:1 - - [26/Dec/2016:22:21:19 +0800] "GET /static/images/portfolio/recent/item3.png HTTP/1.1" 404 155
0:0:0:0:0:0:0:1 - - [26/Dec/2016:22:21:19 +0800] "GET /static/images/portfolio/recent/item4.png HTTP/1.1" 404 155
0:0:0:0:0:0:0:1 - - [26/Dec/2016:22:21:19 +0800] "GET /static/images/portfolio/recent/item5.png HTTP/1.1" 404 155
0:0:0:0:0:0:0:1 - - [26/Dec/2016:22:21:19 +0800] "GET /static/images/portfolio/recent/item6.png HTTP/1.1" 404 155
0:0:0:0:0:0:0:1 - - [26/Dec/2016:22:21:19 +0800] "GET /static/images/portfolio/recent/item7.png HTTP/1.1" 404 155
0:0:0:0:0:0:0:1 - - [26/Dec/2016:22:21:19 +0800] "GET /static/images/portfolio/recent/item8.png HTTP/1.1" 404 155
0:0:0:0:0:0:0:1 - - [26/Dec/2016:22:21:19 +0800] "GET /static/images/services/services1.png HTTP/1.1" 404 151
0:0:0:0:0:0:0:1 - - [26/Dec/2016:22:21:19 +0800] "GET /static/images/services/services3.png HTTP/1.1" 404 151
0:0:0:0:0:0:0:1 - - [26/Dec/2016:22:21:19 +0800] "GET /static/js/main.js HTTP/1.1" 404 132
0:0:0:0:0:0:0:1 - - [26/Dec/2016:22:21:19 +0800] "GET /static/images/services/services2.png HTTP/1.1" 404 151
0:0:0:0:0:0:0:1 - - [26/Dec/2016:22:21:19 +0800] "GET /static/images/services/services4.png HTTP/1.1" 404 151
0:0:0:0:0:0:0:1 - - [26/Dec/2016:22:21:19 +0800] "GET /static/images/services/services5.png HTTP/1.1" 404 151
0:0:0:0:0:0:0:1 - - [26/Dec/2016:22:21:19 +0800] "GET /static/js/wow.min.js HTTP/1.1" 404 135
0:0:0:0:0:0:0:1 - - [26/Dec/2016:22:21:19 +0800] "GET /static/images/accordion1.png HTTP/1.1" 404 143
0:0:0:0:0:0:0:1 - - [26/Dec/2016:22:21:19 +0800] "GET /static/images/services/services6.png HTTP/1.1" 404 151
0:0:0:0:0:0:0:1 - - [26/Dec/2016:22:21:19 +0800] "GET /static/images/tab2.png HTTP/1.1" 404 137
0:0:0:0:0:0:0:1 - - [26/Dec/2016:22:21:20 +0800] "GET /static/images/tab1.png HTTP/1.1" 404 137
0:0:0:0:0:0:0:1 - - [26/Dec/2016:22:21:20 +0800] "GET /static/images/testimonials1.png HTTP/1.1" 404 146
0:0:0:0:0:0:0:1 - - [26/Dec/2016:22:21:20 +0800] "GET /static/images/partners/partner1.png HTTP/1.1" 404 150
0:0:0:0:0:0:0:1 - - [26/Dec/2016:22:21:20 +0800] "GET /static/images/partners/partner2.png HTTP/1.1" 404 150
0:0:0:0:0:0:0:1 - - [26/Dec/2016:22:21:20 +0800] "GET /static/images/partners/partner3.png HTTP/1.1" 404 150
0:0:0:0:0:0:0:1 - - [26/Dec/2016:22:21:20 +0800] "GET /static/images/partners/partner4.png HTTP/1.1" 404 150
0:0:0:0:0:0:0:1 - - [26/Dec/2016:22:21:20 +0800] "GET /static/images/partners/partner5.png HTTP/1.1" 404 150
0:0:0:0:0:0:0:1 - - [26/Dec/2016:22:21:56 +0800] "GET /hello/contact HTTP/1.1" 200 14729
0:0:0:0:0:0:0:1 - - [26/Dec/2016:22:21:56 +0800] "GET /static/css/bootstrap.min.css HTTP/1.1" 404 143
0:0:0:0:0:0:0:1 - - [26/Dec/2016:22:21:56 +0800] "GET /static/css/font-awesome.min.css HTTP/1.1" 404 146
0:0:0:0:0:0:0:1 - - [26/Dec/2016:22:21:56 +0800] "GET /static/css/main.css HTTP/1.1" 404 134
0:0:0:0:0:0:0:1 - - [26/Dec/2016:22:21:56 +0800] "GET /static/css/responsive.css HTTP/1.1" 404 140
0:0:0:0:0:0:0:1 - - [26/Dec/2016:22:21:56 +0800] "GET /static/css/prettyPhoto.css HTTP/1.1" 404 141
0:0:0:0:0:0:0:1 - - [26/Dec/2016:22:21:56 +0800] "GET /static/css/animate.min.css HTTP/1.1" 404 141
0:0:0:0:0:0:0:1 - - [26/Dec/2016:22:21:56 +0800] "GET /static/js/jquery.js HTTP/1.1" 404 134
0:0:0:0:0:0:0:1 - - [26/Dec/2016:22:21:56 +0800] "GET /static/js/bootstrap.min.js HTTP/1.1" 404 141
0:0:0:0:0:0:0:1 - - [26/Dec/2016:22:21:56 +0800] "GET /static/js/jquery.prettyPhoto.js HTTP/1.1" 404 146
0:0:0:0:0:0:0:1 - - [26/Dec/2016:22:21:56 +0800] "GET /static/js/wow.min.js HTTP/1.1" 404 135
0:0:0:0:0:0:0:1 - - [26/Dec/2016:22:21:56 +0800] "GET /static/js/main.js HTTP/1.1" 404 132
0:0:0:0:0:0:0:1 - - [26/Dec/2016:22:21:56 +0800] "GET /static/images/logo.png HTTP/1.1" 404 137
0:0:0:0:0:0:0:1 - - [26/Dec/2016:22:21:56 +0800] "GET /static/js/jquery.isotope.min.js HTTP/1.1" 404 146
0:0:0:0:0:0:0:1 - - [26/Dec/2016:22:21:56 +0800] "GET /static/js/main.js HTTP/1.1" 404 132
0:0:0:0:0:0:0:1 - - [26/Dec/2016:22:21:56 +0800] "GET /static/js/wow.min.js HTTP/1.1" 404 135
0:0:0:0:0:0:0:1 - - [26/Dec/2016:22:27:15 +0800] "GET /hello/contact HTTP/1.1" 200 14667
0:0:0:0:0:0:0:1 - - [26/Dec/2016:22:27:15 +0800] "GET /static/css/responsive.css HTTP/1.1" 404 140
0:0:0:0:0:0:0:1 - - [26/Dec/2016:22:27:15 +0800] "GET /static/css/prettyPhoto.css HTTP/1.1" 404 141
0:0:0:0:0:0:0:1 - - [26/Dec/2016:22:27:15 +0800] "GET /static/css/main.css HTTP/1.1" 404 134
0:0:0:0:0:0:0:1 - - [26/Dec/2016:22:27:15 +0800] "GET /static/css/font-awesome.min.css HTTP/1.1" 404 146
0:0:0:0:0:0:0:1 - - [26/Dec/2016:22:27:15 +0800] "GET /static/css/animate.min.css HTTP/1.1" 404 141
0:0:0:0:0:0:0:1 - - [26/Dec/2016:22:27:15 +0800] "GET /static/css/bootstrap.min.css HTTP/1.1" 404 143
0:0:0:0:0:0:0:1 - - [26/Dec/2016:22:27:15 +0800] "GET /static/js/jquery.js HTTP/1.1" 404 134
0:0:0:0:0:0:0:1 - - [26/Dec/2016:22:27:15 +0800] "GET /static/js/bootstrap.min.js HTTP/1.1" 404 141
0:0:0:0:0:0:0:1 - - [26/Dec/2016:22:27:15 +0800] "GET /static/js/jquery.isotope.min.js HTTP/1.1" 404 146
0:0:0:0:0:0:0:1 - - [26/Dec/2016:22:27:16 +0800] "GET /static/js/main.js HTTP/1.1" 404 132
0:0:0:0:0:0:0:1 - - [26/Dec/2016:22:27:16 +0800] "GET /static/images/logo.png HTTP/1.1" 404 137
0:0:0:0:0:0:0:1 - - [26/Dec/2016:22:27:16 +0800] "GET /static/js/jquery.prettyPhoto.js HTTP/1.1" 404 146
0:0:0:0:0:0:0:1 - - [26/Dec/2016:22:27:16 +0800] "GET /static/js/wow.min.js HTTP/1.1" 404 135
0:0:0:0:0:0:0:1 - - [26/Dec/2016:22:27:16 +0800] "GET /static/js/jquery.isotope.min.js HTTP/1.1" 404 146
0:0:0:0:0:0:0:1 - - [26/Dec/2016:22:27:16 +0800] "GET /static/js/main.js HTTP/1.1" 404 132
0:0:0:0:0:0:0:1 - - [26/Dec/2016:22:27:16 +0800] "GET /static/js/wow.min.js HTTP/1.1" 404 135
0:0:0:0:0:0:0:1 - - [26/Dec/2016:22:27:23 +0800] "GET /static/css/bootstrap.min.css HTTP/1.1" 404 143
0:0:0:0:0:0:0:1 - - [26/Dec/2016:22:27:23 +0800] "GET /static/css/font-awesome.min.css HTTP/1.1" 404 146
0:0:0:0:0:0:0:1 - - [26/Dec/2016:22:27:23 +0800] "GET /static/css/prettyPhoto.css HTTP/1.1" 404 141
0:0:0:0:0:0:0:1 - - [26/Dec/2016:22:27:23 +0800] "GET /static/css/responsive.css HTTP/1.1" 404 140
0:0:0:0:0:0:0:1 - - [26/Dec/2016:22:27:23 +0800] "GET /static/css/animate.min.css HTTP/1.1" 404 141
0:0:0:0:0:0:0:1 - - [26/Dec/2016:22:27:23 +0800] "GET /static/css/main.css HTTP/1.1" 404 134
0:0:0:0:0:0:0:1 - - [26/Dec/2016:22:27:27 +0800] "GET /hello/contact HTTP/1.1" 200 14667
0:0:0:0:0:0:0:1 - - [26/Dec/2016:22:27:27 +0800] "GET /static/css/bootstrap.min.css HTTP/1.1" 404 143
0:0:0:0:0:0:0:1 - - [26/Dec/2016:22:27:27 +0800] "GET /static/css/prettyPhoto.css HTTP/1.1" 404 141
0:0:0:0:0:0:0:1 - - [26/Dec/2016:22:27:27 +0800] "GET /static/css/responsive.css HTTP/1.1" 404 140
0:0:0:0:0:0:0:1 - - [26/Dec/2016:22:27:27 +0800] "GET /static/css/animate.min.css HTTP/1.1" 404 141
0:0:0:0:0:0:0:1 - - [26/Dec/2016:22:27:27 +0800] "GET /static/css/font-awesome.min.css HTTP/1.1" 404 146
0:0:0:0:0:0:0:1 - - [26/Dec/2016:22:27:27 +0800] "GET /static/js/jquery.js HTTP/1.1" 404 134
0:0:0:0:0:0:0:1 - - [26/Dec/2016:22:27:27 +0800] "GET /static/css/main.css HTTP/1.1" 404 134
0:0:0:0:0:0:0:1 - - [26/Dec/2016:22:27:27 +0800] "GET /static/js/jquery.isotope.min.js HTTP/1.1" 404 146
0:0:0:0:0:0:0:1 - - [26/Dec/2016:22:27:27 +0800] "GET /static/js/jquery.prettyPhoto.js HTTP/1.1" 404 146
0:0:0:0:0:0:0:1 - - [26/Dec/2016:22:27:27 +0800] "GET /static/js/main.js HTTP/1.1" 404 132
0:0:0:0:0:0:0:1 - - [26/Dec/2016:22:27:27 +0800] "GET /static/js/wow.min.js HTTP/1.1" 404 135
0:0:0:0:0:0:0:1 - - [26/Dec/2016:22:27:27 +0800] "GET /static/js/bootstrap.min.js HTTP/1.1" 404 141
0:0:0:0:0:0:0:1 - - [26/Dec/2016:22:27:27 +0800] "GET /static/images/logo.png HTTP/1.1" 404 137
0:0:0:0:0:0:0:1 - - [26/Dec/2016:22:27:28 +0800] "GET /static/js/jquery.prettyPhoto.js HTTP/1.1" 404 146
0:0:0:0:0:0:0:1 - - [26/Dec/2016:22:27:28 +0800] "GET /static/js/jquery.isotope.min.js HTTP/1.1" 404 146
0:0:0:0:0:0:0:1 - - [26/Dec/2016:22:27:28 +0800] "GET /static/js/main.js HTTP/1.1" 404 132
0:0:0:0:0:0:0:1 - - [26/Dec/2016:22:27:28 +0800] "GET /static/js/wow.min.js HTTP/1.1" 404 135
0:0:0:0:0:0:0:1 - - [26/Dec/2016:22:28:03 +0800] "GET /hello HTTP/1.1" 200 44301
0:0:0:0:0:0:0:1 - - [26/Dec/2016:22:28:03 +0800] "GET /static/css/bootstrap.min.css HTTP/1.1" 404 143
0:0:0:0:0:0:0:1 - - [26/Dec/2016:22:28:03 +0800] "GET /static/css/font-awesome.min.css HTTP/1.1" 404 146
0:0:0:0:0:0:0:1 - - [26/Dec/2016:22:28:03 +0800] "GET /static/css/animate.min.css HTTP/1.1" 404 141
0:0:0:0:0:0:0:1 - - [26/Dec/2016:22:28:03 +0800] "GET /static/css/prettyPhoto.css HTTP/1.1" 404 141
0:0:0:0:0:0:0:1 - - [26/Dec/2016:22:28:03 +0800] "GET /static/css/main.css HTTP/1.1" 404 134
0:0:0:0:0:0:0:1 - - [26/Dec/2016:22:28:03 +0800] "GET /static/css/responsive.css HTTP/1.1" 404 140
0:0:0:0:0:0:0:1 - - [26/Dec/2016:22:28:03 +0800] "GET /static/images/logo.png HTTP/1.1" 404 137
0:0:0:0:0:0:0:1 - - [26/Dec/2016:22:28:03 +0800] "GET /static/images/slider/img1.png HTTP/1.1" 404 144
0:0:0:0:0:0:0:1 - - [26/Dec/2016:22:28:03 +0800] "GET /static/images/slider/img2.png HTTP/1.1" 404 144
0:0:0:0:0:0:0:1 - - [26/Dec/2016:22:28:03 +0800] "GET /static/images/portfolio/recent/item1.png HTTP/1.1" 404 155
0:0:0:0:0:0:0:1 - - [26/Dec/2016:22:28:03 +0800] "GET /static/js/jquery.js HTTP/1.1" 404 134
0:0:0:0:0:0:0:1 - - [26/Dec/2016:22:28:03 +0800] "GET /static/images/slider/img3.png HTTP/1.1" 404 144
0:0:0:0:0:0:0:1 - - [26/Dec/2016:22:28:03 +0800] "GET /static/images/portfolio/recent/item2.png HTTP/1.1" 404 155
0:0:0:0:0:0:0:1 - - [26/Dec/2016:22:28:03 +0800] "GET /static/images/portfolio/recent/item3.png HTTP/1.1" 404 155
0:0:0:0:0:0:0:1 - - [26/Dec/2016:22:28:03 +0800] "GET /static/images/portfolio/recent/item4.png HTTP/1.1" 404 155
0:0:0:0:0:0:0:1 - - [26/Dec/2016:22:28:03 +0800] "GET /static/images/portfolio/recent/item5.png HTTP/1.1" 404 155
0:0:0:0:0:0:0:1 - - [26/Dec/2016:22:28:03 +0800] "GET /static/images/portfolio/recent/item6.png HTTP/1.1" 404 155
0:0:0:0:0:0:0:1 - - [26/Dec/2016:22:28:03 +0800] "GET /hello HTTP/1.1" 200 44301
0:0:0:0:0:0:0:1 - - [26/Dec/2016:22:28:03 +0800] "GET /static/css/bootstrap.min.css HTTP/1.1" 404 143
0:0:0:0:0:0:0:1 - - [26/Dec/2016:22:28:03 +0800] "GET /static/css/animate.min.css HTTP/1.1" 404 141
0:0:0:0:0:0:0:1 - - [26/Dec/2016:22:28:03 +0800] "GET /static/css/font-awesome.min.css HTTP/1.1" 404 146
0:0:0:0:0:0:0:1 - - [26/Dec/2016:22:28:03 +0800] "GET /static/css/main.css HTTP/1.1" 404 134
0:0:0:0:0:0:0:1 - - [26/Dec/2016:22:28:03 +0800] "GET /static/css/responsive.css HTTP/1.1" 404 140
0:0:0:0:0:0:0:1 - - [26/Dec/2016:22:28:03 +0800] "GET /static/css/prettyPhoto.css HTTP/1.1" 404 141
0:0:0:0:0:0:0:1 - - [26/Dec/2016:22:28:03 +0800] "GET /static/js/jquery.js HTTP/1.1" 404 134
0:0:0:0:0:0:0:1 - - [26/Dec/2016:22:28:04 +0800] "GET /static/js/jquery.prettyPhoto.js HTTP/1.1" 404 146
0:0:0:0:0:0:0:1 - - [26/Dec/2016:22:28:04 +0800] "GET /static/js/bootstrap.min.js HTTP/1.1" 404 141
0:0:0:0:0:0:0:1 - - [26/Dec/2016:22:28:04 +0800] "GET /static/js/main.js HTTP/1.1" 404 132
0:0:0:0:0:0:0:1 - - [26/Dec/2016:22:28:04 +0800] "GET /static/js/wow.min.js HTTP/1.1" 404 135
0:0:0:0:0:0:0:1 - - [26/Dec/2016:22:28:04 +0800] "GET /static/js/jquery.isotope.min.js HTTP/1.1" 404 146
0:0:0:0:0:0:0:1 - - [26/Dec/2016:22:28:04 +0800] "GET /static/js/jquery.prettyPhoto.js HTTP/1.1" 404 146
0:0:0:0:0:0:0:1 - - [26/Dec/2016:22:28:04 +0800] "GET /static/images/logo.png HTTP/1.1" 404 137
0:0:0:0:0:0:0:1 - - [26/Dec/2016:22:28:04 +0800] "GET /static/images/slider/bg1.jpg HTTP/1.1" 404 143
0:0:0:0:0:0:0:1 - - [26/Dec/2016:22:28:04 +0800] "GET /static/images/slider/img1.png HTTP/1.1" 404 144
0:0:0:0:0:0:0:1 - - [26/Dec/2016:22:28:04 +0800] "GET /static/images/slider/img3.png HTTP/1.1" 404 144
0:0:0:0:0:0:0:1 - - [26/Dec/2016:22:28:04 +0800] "GET /static/images/slider/bg2.jpg HTTP/1.1" 404 143
0:0:0:0:0:0:0:1 - - [26/Dec/2016:22:28:04 +0800] "GET /static/images/slider/img2.png HTTP/1.1" 404 144
0:0:0:0:0:0:0:1 - - [26/Dec/2016:22:28:04 +0800] "GET /static/images/slider/bg3.jpg HTTP/1.1" 404 143
0:0:0:0:0:0:0:1 - - [26/Dec/2016:22:28:04 +0800] "GET /static/images/portfolio/recent/item1.png HTTP/1.1" 404 155
0:0:0:0:0:0:0:1 - - [26/Dec/2016:22:28:04 +0800] "GET /static/images/portfolio/recent/item2.png HTTP/1.1" 404 155
0:0:0:0:0:0:0:1 - - [26/Dec/2016:22:28:04 +0800] "GET /static/images/portfolio/recent/item3.png HTTP/1.1" 404 155
0:0:0:0:0:0:0:1 - - [26/Dec/2016:22:28:04 +0800] "GET /static/images/portfolio/recent/item4.png HTTP/1.1" 404 155
0:0:0:0:0:0:0:1 - - [26/Dec/2016:22:28:04 +0800] "GET /static/images/portfolio/recent/item5.png HTTP/1.1" 404 155
0:0:0:0:0:0:0:1 - - [26/Dec/2016:22:28:04 +0800] "GET /static/images/portfolio/recent/item6.png HTTP/1.1" 404 155
0:0:0:0:0:0:0:1 - - [26/Dec/2016:22:28:04 +0800] "GET /static/images/portfolio/recent/item7.png HTTP/1.1" 404 155
0:0:0:0:0:0:0:1 - - [26/Dec/2016:22:28:04 +0800] "GET /static/images/services/services1.png HTTP/1.1" 404 151
0:0:0:0:0:0:0:1 - - [26/Dec/2016:22:28:04 +0800] "GET /static/images/services/services2.png HTTP/1.1" 404 151
0:0:0:0:0:0:0:1 - - [26/Dec/2016:22:28:04 +0800] "GET /static/images/portfolio/recent/item8.png HTTP/1.1" 404 155
0:0:0:0:0:0:0:1 - - [26/Dec/2016:22:28:04 +0800] "GET /static/images/services/services3.png HTTP/1.1" 404 151
0:0:0:0:0:0:0:1 - - [26/Dec/2016:22:28:04 +0800] "GET /static/images/services/services4.png HTTP/1.1" 404 151
0:0:0:0:0:0:0:1 - - [26/Dec/2016:22:28:04 +0800] "GET /static/images/services/services6.png HTTP/1.1" 404 151
0:0:0:0:0:0:0:1 - - [26/Dec/2016:22:28:04 +0800] "GET /static/images/services/services5.png HTTP/1.1" 404 151
0:0:0:0:0:0:0:1 - - [26/Dec/2016:22:28:04 +0800] "GET /static/images/tab2.png HTTP/1.1" 404 137
0:0:0:0:0:0:0:1 - - [26/Dec/2016:22:28:04 +0800] "GET /static/images/accordion1.png HTTP/1.1" 404 143
0:0:0:0:0:0:0:1 - - [26/Dec/2016:22:28:04 +0800] "GET /static/js/jquery.isotope.min.js HTTP/1.1" 404 146
0:0:0:0:0:0:0:1 - - [26/Dec/2016:22:28:04 +0800] "GET /static/images/tab1.png HTTP/1.1" 404 137
0:0:0:0:0:0:0:1 - - [26/Dec/2016:22:28:04 +0800] "GET /static/images/testimonials1.png HTTP/1.1" 404 146
0:0:0:0:0:0:0:1 - - [26/Dec/2016:22:28:04 +0800] "GET /static/images/partners/partner1.png HTTP/1.1" 404 150
0:0:0:0:0:0:0:1 - - [26/Dec/2016:22:28:04 +0800] "GET /static/images/partners/partner3.png HTTP/1.1" 404 150
0:0:0:0:0:0:0:1 - - [26/Dec/2016:22:28:04 +0800] "GET /static/images/partners/partner2.png HTTP/1.1" 404 150
0:0:0:0:0:0:0:1 - - [26/Dec/2016:22:28:04 +0800] "GET /static/images/partners/partner4.png HTTP/1.1" 404 150
0:0:0:0:0:0:0:1 - - [26/Dec/2016:22:28:04 +0800] "GET /static/js/main.js HTTP/1.1" 404 132
0:0:0:0:0:0:0:1 - - [26/Dec/2016:22:28:04 +0800] "GET /static/images/partners/partner5.png HTTP/1.1" 404 150
0:0:0:0:0:0:0:1 - - [26/Dec/2016:22:28:04 +0800] "GET /static/js/wow.min.js HTTP/1.1" 404 135
0:0:0:0:0:0:0:1 - - [26/Dec/2016:22:29:37 +0800] "GET /hello HTTP/1.1" 200 44301
0:0:0:0:0:0:0:1 - - [26/Dec/2016:22:29:37 +0800] "GET /static/css/main.css HTTP/1.1" 404 134
0:0:0:0:0:0:0:1 - - [26/Dec/2016:22:29:37 +0800] "GET /static/css/prettyPhoto.css HTTP/1.1" 404 141
0:0:0:0:0:0:0:1 - - [26/Dec/2016:22:29:37 +0800] "GET /static/css/bootstrap.min.css HTTP/1.1" 404 143
0:0:0:0:0:0:0:1 - - [26/Dec/2016:22:29:37 +0800] "GET /static/css/responsive.css HTTP/1.1" 404 140
0:0:0:0:0:0:0:1 - - [26/Dec/2016:22:29:37 +0800] "GET /static/css/font-awesome.min.css HTTP/1.1" 404 146
0:0:0:0:0:0:0:1 - - [26/Dec/2016:22:29:37 +0800] "GET /static/css/animate.min.css HTTP/1.1" 404 141
0:0:0:0:0:0:0:1 - - [26/Dec/2016:22:29:37 +0800] "GET /static/js/jquery.js HTTP/1.1" 404 134
0:0:0:0:0:0:0:1 - - [26/Dec/2016:22:29:37 +0800] "GET /static/js/jquery.prettyPhoto.js HTTP/1.1" 404 146
0:0:0:0:0:0:0:1 - - [26/Dec/2016:22:29:37 +0800] "GET /static/js/bootstrap.min.js HTTP/1.1" 404 141
0:0:0:0:0:0:0:1 - - [26/Dec/2016:22:29:37 +0800] "GET /static/js/jquery.isotope.min.js HTTP/1.1" 404 146
0:0:0:0:0:0:0:1 - - [26/Dec/2016:22:29:37 +0800] "GET /static/js/main.js HTTP/1.1" 404 132
0:0:0:0:0:0:0:1 - - [26/Dec/2016:22:29:37 +0800] "GET /static/js/wow.min.js HTTP/1.1" 404 135
0:0:0:0:0:0:0:1 - - [26/Dec/2016:22:29:37 +0800] "GET /static/images/slider/img3.png HTTP/1.1" 404 144
0:0:0:0:0:0:0:1 - - [26/Dec/2016:22:29:37 +0800] "GET /static/images/logo.png HTTP/1.1" 404 137
0:0:0:0:0:0:0:1 - - [26/Dec/2016:22:29:37 +0800] "GET /static/images/slider/img1.png HTTP/1.1" 404 144
0:0:0:0:0:0:0:1 - - [26/Dec/2016:22:29:37 +0800] "GET /static/images/portfolio/recent/item1.png HTTP/1.1" 404 155
0:0:0:0:0:0:0:1 - - [26/Dec/2016:22:29:37 +0800] "GET /static/images/slider/img2.png HTTP/1.1" 404 144
0:0:0:0:0:0:0:1 - - [26/Dec/2016:22:29:38 +0800] "GET /static/images/portfolio/recent/item2.png HTTP/1.1" 404 155
0:0:0:0:0:0:0:1 - - [26/Dec/2016:22:29:38 +0800] "GET /static/images/portfolio/recent/item6.png HTTP/1.1" 404 155
0:0:0:0:0:0:0:1 - - [26/Dec/2016:22:29:38 +0800] "GET /static/images/portfolio/recent/item4.png HTTP/1.1" 404 155
0:0:0:0:0:0:0:1 - - [26/Dec/2016:22:29:38 +0800] "GET /static/images/portfolio/recent/item7.png HTTP/1.1" 404 155
0:0:0:0:0:0:0:1 - - [26/Dec/2016:22:29:38 +0800] "GET /static/images/portfolio/recent/item5.png HTTP/1.1" 404 155
0:0:0:0:0:0:0:1 - - [26/Dec/2016:22:29:38 +0800] "GET /static/images/services/services4.png HTTP/1.1" 404 151
0:0:0:0:0:0:0:1 - - [26/Dec/2016:22:29:38 +0800] "GET /static/images/portfolio/recent/item8.png HTTP/1.1" 404 155
0:0:0:0:0:0:0:1 - - [26/Dec/2016:22:29:38 +0800] "GET /static/images/services/services3.png HTTP/1.1" 404 151
0:0:0:0:0:0:0:1 - - [26/Dec/2016:22:29:38 +0800] "GET /static/images/services/services2.png HTTP/1.1" 404 151
0:0:0:0:0:0:0:1 - - [26/Dec/2016:22:29:38 +0800] "GET /static/images/portfolio/recent/item3.png HTTP/1.1" 404 155
0:0:0:0:0:0:0:1 - - [26/Dec/2016:22:29:38 +0800] "GET /static/images/services/services1.png HTTP/1.1" 404 151
0:0:0:0:0:0:0:1 - - [26/Dec/2016:22:29:38 +0800] "GET /static/images/slider/bg1.jpg HTTP/1.1" 404 143
0:0:0:0:0:0:0:1 - - [26/Dec/2016:22:29:38 +0800] "GET /static/images/slider/bg3.jpg HTTP/1.1" 404 143
0:0:0:0:0:0:0:1 - - [26/Dec/2016:22:29:38 +0800] "GET /static/images/slider/bg2.jpg HTTP/1.1" 404 143
0:0:0:0:0:0:0:1 - - [26/Dec/2016:22:29:38 +0800] "GET /static/images/services/services6.png HTTP/1.1" 404 151
0:0:0:0:0:0:0:1 - - [26/Dec/2016:22:29:38 +0800] "GET /static/images/services/services5.png HTTP/1.1" 404 151
0:0:0:0:0:0:0:1 - - [26/Dec/2016:22:29:38 +0800] "GET /static/images/accordion1.png HTTP/1.1" 404 143
0:0:0:0:0:0:0:1 - - [26/Dec/2016:22:29:38 +0800] "GET /static/images/tab2.png HTTP/1.1" 404 137
0:0:0:0:0:0:0:1 - - [26/Dec/2016:22:29:38 +0800] "GET /static/images/tab1.png HTTP/1.1" 404 137
0:0:0:0:0:0:0:1 - - [26/Dec/2016:22:29:38 +0800] "GET /static/images/testimonials1.png HTTP/1.1" 404 146
0:0:0:0:0:0:0:1 - - [26/Dec/2016:22:29:38 +0800] "GET /static/images/partners/partner2.png HTTP/1.1" 404 150
0:0:0:0:0:0:0:1 - - [26/Dec/2016:22:29:38 +0800] "GET /static/images/partners/partner3.png HTTP/1.1" 404 150
0:0:0:0:0:0:0:1 - - [26/Dec/2016:22:29:38 +0800] "GET /static/images/partners/partner1.png HTTP/1.1" 404 150
0:0:0:0:0:0:0:1 - - [26/Dec/2016:22:29:38 +0800] "GET /static/images/partners/partner4.png HTTP/1.1" 404 150
0:0:0:0:0:0:0:1 - - [26/Dec/2016:22:29:38 +0800] "GET /static/images/partners/partner5.png HTTP/1.1" 404 150
0:0:0:0:0:0:0:1 - - [26/Dec/2016:22:29:43 +0800] "GET /contact-us.html HTTP/1.1" 404 306
0:0:0:0:0:0:0:1 - - [26/Dec/2016:22:29:45 +0800] "GET /static/css/font-awesome.min.css HTTP/1.1" 404 146
0:0:0:0:0:0:0:1 - - [26/Dec/2016:22:29:45 +0800] "GET /static/css/animate.min.css HTTP/1.1" 404 141
0:0:0:0:0:0:0:1 - - [26/Dec/2016:22:29:45 +0800] "GET /static/css/main.css HTTP/1.1" 404 134
0:0:0:0:0:0:0:1 - - [26/Dec/2016:22:29:47 +0800] "GET /contact-us.html HTTP/1.1" 404 306
0:0:0:0:0:0:0:1 - - [26/Dec/2016:22:29:49 +0800] "GET /static/css/font-awesome.min.css HTTP/1.1" 404 146
0:0:0:0:0:0:0:1 - - [26/Dec/2016:22:29:49 +0800] "GET /static/css/animate.min.css HTTP/1.1" 404 141
0:0:0:0:0:0:0:1 - - [26/Dec/2016:22:29:49 +0800] "GET /static/css/main.css HTTP/1.1" 404 134
0:0:0:0:0:0:0:1 - - [26/Dec/2016:22:29:52 +0800] "GET /contact-us.html HTTP/1.1" 404 306
0:0:0:0:0:0:0:1 - - [26/Dec/2016:22:32:01 +0800] "GET /static/css/responsive.css HTTP/1.1" 200 4479
0:0:0:0:0:0:0:1 - - [26/Dec/2016:22:32:01 +0800] "GET /static/css/main.css HTTP/1.1" 200 45262
0:0:0:0:0:0:0:1 - - [26/Dec/2016:22:32:01 +0800] "GET /static/css/prettyPhoto.css HTTP/1.1" 200 19888
0:0:0:0:0:0:0:1 - - [26/Dec/2016:22:32:01 +0800] "GET /static/css/animate.min.css HTTP/1.1" 200 55844
0:0:0:0:0:0:0:1 - - [26/Dec/2016:22:32:01 +0800] "GET /static/js/jquery.js HTTP/1.1" 200 93106
0:0:0:0:0:0:0:1 - - [26/Dec/2016:22:32:01 +0800] "GET /static/css/font-awesome.min.css HTTP/1.1" 200 17780
0:0:0:0:0:0:0:1 - - [26/Dec/2016:22:32:01 +0800] "GET /hello HTTP/1.1" 200 44301
0:0:0:0:0:0:0:1 - - [26/Dec/2016:22:32:01 +0800] "GET /static/js/bootstrap.min.js HTTP/1.1" 200 27822
0:0:0:0:0:0:0:1 - - [26/Dec/2016:22:32:01 +0800] "GET /static/js/jquery.prettyPhoto.js HTTP/1.1" 200 22060
0:0:0:0:0:0:0:1 - - [26/Dec/2016:22:32:01 +0800] "GET /static/js/wow.min.js HTTP/1.1" 200 4776
0:0:0:0:0:0:0:1 - - [26/Dec/2016:22:32:01 +0800] "GET /static/images/slider/img2.png HTTP/1.1" 200 293187
0:0:0:0:0:0:0:1 - - [26/Dec/2016:22:32:01 +0800] "GET /static/images/slider/img1.png HTTP/1.1" 200 250057
0:0:0:0:0:0:0:1 - - [26/Dec/2016:22:32:01 +0800] "GET /static/js/jquery.isotope.min.js HTTP/1.1" 200 16033
0:0:0:0:0:0:0:1 - - [26/Dec/2016:22:32:01 +0800] "GET /static/images/logo.png HTTP/1.1" 200 5223
0:0:0:0:0:0:0:1 - - [26/Dec/2016:22:32:01 +0800] "GET /static/css/bootstrap.min.css HTTP/1.1" 200 99558
0:0:0:0:0:0:0:1 - - [26/Dec/2016:22:32:01 +0800] "GET /static/images/portfolio/recent/item2.png HTTP/1.1" 200 100798
0:0:0:0:0:0:0:1 - - [26/Dec/2016:22:32:01 +0800] "GET /static/images/portfolio/recent/item3.png HTTP/1.1" 200 67173
0:0:0:0:0:0:0:1 - - [26/Dec/2016:22:32:01 +0800] "GET /static/images/portfolio/recent/item4.png HTTP/1.1" 200 95565
0:0:0:0:0:0:0:1 - - [26/Dec/2016:22:32:01 +0800] "GET /static/images/portfolio/recent/item7.png HTTP/1.1" 200 111589
0:0:0:0:0:0:0:1 - - [26/Dec/2016:22:32:01 +0800] "GET /static/images/portfolio/recent/item6.png HTTP/1.1" 200 102321
0:0:0:0:0:0:0:1 - - [26/Dec/2016:22:32:01 +0800] "GET /static/images/portfolio/recent/item5.png HTTP/1.1" 200 103336
0:0:0:0:0:0:0:1 - - [26/Dec/2016:22:32:01 +0800] "GET /static/images/portfolio/recent/item1.png HTTP/1.1" 200 84479
0:0:0:0:0:0:0:1 - - [26/Dec/2016:22:32:01 +0800] "GET /static/js/main.js HTTP/1.1" 200 1677
0:0:0:0:0:0:0:1 - - [26/Dec/2016:22:32:01 +0800] "GET /static/images/slider/img3.png HTTP/1.1" 200 290134
0:0:0:0:0:0:0:1 - - [26/Dec/2016:22:32:01 +0800] "GET /static/images/portfolio/recent/item8.png HTTP/1.1" 200 116815
0:0:0:0:0:0:0:1 - - [26/Dec/2016:22:32:01 +0800] "GET /static/images/services/services1.png HTTP/1.1" 200 6054
0:0:0:0:0:0:0:1 - - [26/Dec/2016:22:32:01 +0800] "GET /static/images/services/services2.png HTTP/1.1" 200 8305
0:0:0:0:0:0:0:1 - - [26/Dec/2016:22:32:01 +0800] "GET /static/images/services/services4.png HTTP/1.1" 200 4601
0:0:0:0:0:0:0:1 - - [26/Dec/2016:22:32:01 +0800] "GET /static/images/services/services3.png HTTP/1.1" 200 8125
0:0:0:0:0:0:0:1 - - [26/Dec/2016:22:32:01 +0800] "GET /static/images/testimonials1.png HTTP/1.1" 200 10942
0:0:0:0:0:0:0:1 - - [26/Dec/2016:22:32:01 +0800] "GET /static/images/accordion1.png HTTP/1.1" 200 39104
0:0:0:0:0:0:0:1 - - [26/Dec/2016:22:32:01 +0800] "GET /static/images/services/services6.png HTTP/1.1" 200 7264
0:0:0:0:0:0:0:1 - - [26/Dec/2016:22:32:01 +0800] "GET /static/images/services/services5.png HTTP/1.1" 200 6789
0:0:0:0:0:0:0:1 - - [26/Dec/2016:22:32:01 +0800] "GET /static/images/tab2.png HTTP/1.1" 200 90344
0:0:0:0:0:0:0:1 - - [26/Dec/2016:22:32:01 +0800] "GET /static/images/partners/partner3.png HTTP/1.1" 200 7206
0:0:0:0:0:0:0:1 - - [26/Dec/2016:22:32:01 +0800] "GET /static/images/partners/partner4.png HTTP/1.1" 200 4924
0:0:0:0:0:0:0:1 - - [26/Dec/2016:22:32:01 +0800] "GET /static/images/partners/partner5.png HTTP/1.1" 200 6203
0:0:0:0:0:0:0:1 - - [26/Dec/2016:22:32:01 +0800] "GET /static/images/partners/partner2.png HTTP/1.1" 200 8405
0:0:0:0:0:0:0:1 - - [26/Dec/2016:22:32:01 +0800] "GET /static/images/partners/partner1.png HTTP/1.1" 200 7041
0:0:0:0:0:0:0:1 - - [26/Dec/2016:22:32:01 +0800] "GET /static/images/tab1.png HTTP/1.1" 200 82244
0:0:0:0:0:0:0:1 - - [26/Dec/2016:22:32:01 +0800] "GET /static/fonts/fontawesome-webfont.woff?v=4.0.3 HTTP/1.1" 200 44432
0:0:0:0:0:0:0:1 - - [26/Dec/2016:22:32:01 +0800] "GET /static/images/slider/bg1.jpg HTTP/1.1" 200 155843
0:0:0:0:0:0:0:1 - - [26/Dec/2016:22:32:01 +0800] "GET /static/images/slider/bg2.jpg HTTP/1.1" 200 177372
0:0:0:0:0:0:0:1 - - [26/Dec/2016:22:32:01 +0800] "GET /static/images/slider/bg3.jpg HTTP/1.1" 200 185460
0:0:0:0:0:0:0:1 - - [26/Dec/2016:22:32:01 +0800] "GET /static/images/contact.png HTTP/1.1" 200 87490
0:0:0:0:0:0:0:1 - - [26/Dec/2016:22:32:01 +0800] "GET /static/images/partners/partner_bg.png HTTP/1.1" 200 263750
0:0:0:0:0:0:0:1 - - [26/Dec/2016:22:32:01 +0800] "GET /static/images/services/bg_services.png HTTP/1.1" 200 1072984
0:0:0:0:0:0:0:1 - - [26/Dec/2016:22:32:30 +0800] "GET /contact-us.html HTTP/1.1" 404 306
0:0:0:0:0:0:0:1 - - [26/Dec/2016:23:34:04 +0800] "GET /hello/about HTTP/1.1" 200 5177
0:0:0:0:0:0:0:1 - - [26/Dec/2016:23:34:04 +0800] "GET /static/css/animate.min.css HTTP/1.1" 304 -
0:0:0:0:0:0:0:1 - - [26/Dec/2016:23:34:04 +0800] "GET /static/css/font-awesome.min.css HTTP/1.1" 304 -
0:0:0:0:0:0:0:1 - - [26/Dec/2016:23:34:04 +0800] "GET /static/css/bootstrap.min.css HTTP/1.1" 304 -
0:0:0:0:0:0:0:1 - - [26/Dec/2016:23:34:04 +0800] "GET /static/css/responsive.css HTTP/1.1" 304 -
0:0:0:0:0:0:0:1 - - [26/Dec/2016:23:34:04 +0800] "GET /static/css/prettyPhoto.css HTTP/1.1" 304 -
0:0:0:0:0:0:0:1 - - [26/Dec/2016:23:34:04 +0800] "GET /static/css/main.css HTTP/1.1" 304 -
0:0:0:0:0:0:0:1 - - [26/Dec/2016:23:34:04 +0800] "GET /static/js/bootstrap.min.js HTTP/1.1" 304 -
0:0:0:0:0:0:0:1 - - [26/Dec/2016:23:34:04 +0800] "GET /static/js/jquery.prettyPhoto.js HTTP/1.1" 304 -
0:0:0:0:0:0:0:1 - - [26/Dec/2016:23:34:04 +0800] "GET /static/js/jquery.js HTTP/1.1" 304 -
0:0:0:0:0:0:0:1 - - [26/Dec/2016:23:34:04 +0800] "GET /static/js/wow.min.js HTTP/1.1" 304 -
0:0:0:0:0:0:0:1 - - [26/Dec/2016:23:34:04 +0800] "GET /static/js/main.js HTTP/1.1" 304 -
0:0:0:0:0:0:0:1 - - [26/Dec/2016:23:34:04 +0800] "GET /static/images/logo.png HTTP/1.1" 304 -
0:0:0:0:0:0:0:1 - - [26/Dec/2016:23:34:04 +0800] "GET /static/js/jquery.isotope.min.js HTTP/1.1" 304 -
0:0:0:0:0:0:0:1 - - [26/Dec/2016:23:34:04 +0800] "GET /static/fonts/fontawesome-webfont.woff?v=4.0.3 HTTP/1.1" 304 -
0:0:0:0:0:0:0:1 - - [26/Dec/2016:23:35:49 +0800] "GET /hello/about HTTP/1.1" 200 5177
0:0:0:0:0:0:0:1 - - [26/Dec/2016:23:35:49 +0800] "GET /static/images/ico/favicon.ico HTTP/1.1" 200 1150
0:0:0:0:0:0:0:1 - - [26/Dec/2016:23:36:07 +0800] "GET /hello/index.html HTTP/1.1" 404 306
0:0:0:0:0:0:0:1 - - [26/Dec/2016:23:39:35 +0800] "GET /static/images/services/services1.png HTTP/1.1" 304 -
0:0:0:0:0:0:0:1 - - [26/Dec/2016:23:39:35 +0800] "GET /static/images/services/services3.png HTTP/1.1" 304 -
0:0:0:0:0:0:0:1 - - [26/Dec/2016:23:39:35 +0800] "GET /static/images/services/services2.png HTTP/1.1" 304 -
0:0:0:0:0:0:0:1 - - [26/Dec/2016:23:39:35 +0800] "GET /static/images/services/services4.png HTTP/1.1" 304 -
0:0:0:0:0:0:0:1 - - [26/Dec/2016:23:39:35 +0800] "GET /static/images/portfolio/recent/item3.png HTTP/1.1" 304 -
0:0:0:0:0:0:0:1 - - [26/Dec/2016:23:39:35 +0800] "GET /static/images/services/services6.png HTTP/1.1" 304 -
0:0:0:0:0:0:0:1 - - [26/Dec/2016:23:39:35 +0800] "GET /static/images/accordion1.png HTTP/1.1" 304 -
0:0:0:0:0:0:0:1 - - [26/Dec/2016:23:39:35 +0800] "GET /static/images/services/services5.png HTTP/1.1" 304 -
0:0:0:0:0:0:0:1 - - [26/Dec/2016:23:39:35 +0800] "GET /static/images/services/bg_services.png HTTP/1.1" 304 -
0:0:0:0:0:0:0:1 - - [26/Dec/2016:23:39:35 +0800] "GET /static/images/tab2.png HTTP/1.1" 304 -
0:0:0:0:0:0:0:1 - - [26/Dec/2016:23:39:35 +0800] "GET /static/images/slider/bg2.jpg HTTP/1.1" 304 -
0:0:0:0:0:0:0:1 - - [26/Dec/2016:23:39:35 +0800] "GET /static/images/slider/bg3.jpg HTTP/1.1" 304 -
0:0:0:0:0:0:0:1 - - [26/Dec/2016:23:39:35 +0800] "GET / HTTP/1.1" 200 43923
0:0:0:0:0:0:0:1 - - [26/Dec/2016:23:39:35 +0800] "GET /static/images/slider/bg1.jpg HTTP/1.1" 304 -
0:0:0:0:0:0:0:1 - - [26/Dec/2016:23:39:35 +0800] "GET /static/images/partners/partner2.png HTTP/1.1" 304 -
0:0:0:0:0:0:0:1 - - [26/Dec/2016:23:39:35 +0800] "GET /static/images/partners/partner3.png HTTP/1.1" 304 -
0:0:0:0:0:0:0:1 - - [26/Dec/2016:23:39:35 +0800] "GET /static/images/partners/partner1.png HTTP/1.1" 304 -
0:0:0:0:0:0:0:1 - - [26/Dec/2016:23:39:35 +0800] "GET /static/images/tab1.png HTTP/1.1" 304 -
0:0:0:0:0:0:0:1 - - [26/Dec/2016:23:39:35 +0800] "GET /static/images/testimonials1.png HTTP/1.1" 304 -
0:0:0:0:0:0:0:1 - - [26/Dec/2016:23:39:35 +0800] "GET /static/images/partners/partner4.png HTTP/1.1" 304 -
0:0:0:0:0:0:0:1 - - [26/Dec/2016:23:39:36 +0800] "GET /static/images/partners/partner5.png HTTP/1.1" 304 -
0:0:0:0:0:0:0:1 - - [26/Dec/2016:23:39:36 +0800] "GET /static/images/contact.png HTTP/1.1" 304 -
0:0:0:0:0:0:0:1 - - [26/Dec/2016:23:39:36 +0800] "GET /static/images/partners/partner_bg.png HTTP/1.1" 304 -
0:0:0:0:0:0:0:1 - - [26/Dec/2016:23:39:37 +0800] "GET /contact-us.html HTTP/1.1" 404 306
0:0:0:0:0:0:0:1 - - [26/Dec/2016:23:41:19 +0800] "GET /static/css/prettyPhoto.css HTTP/1.1" 304 -
0:0:0:0:0:0:0:1 - - [26/Dec/2016:23:41:19 +0800] "GET /static/css/bootstrap.min.css HTTP/1.1" 304 -
0:0:0:0:0:0:0:1 - - [26/Dec/2016:23:41:19 +0800] "GET /static/css/font-awesome.min.css HTTP/1.1" 304 -
0:0:0:0:0:0:0:1 - - [26/Dec/2016:23:41:19 +0800] "GET /static/css/animate.min.css HTTP/1.1" 304 -
0:0:0:0:0:0:0:1 - - [26/Dec/2016:23:41:19 +0800] "GET /static/css/main.css HTTP/1.1" 304 -
0:0:0:0:0:0:0:1 - - [26/Dec/2016:23:41:19 +0800] "GET /static/css/responsive.css HTTP/1.1" 304 -
0:0:0:0:0:0:0:1 - - [26/Dec/2016:23:41:19 +0800] "GET /static/images/logo.png HTTP/1.1" 304 -
0:0:0:0:0:0:0:1 - - [26/Dec/2016:23:41:19 +0800] "GET / HTTP/1.1" 200 43826
0:0:0:0:0:0:0:1 - - [26/Dec/2016:23:41:19 +0800] "GET /static/js/jquery.js HTTP/1.1" 304 -
0:0:0:0:0:0:0:1 - - [26/Dec/2016:23:41:19 +0800] "GET /static/js/jquery.prettyPhoto.js HTTP/1.1" 304 -
0:0:0:0:0:0:0:1 - - [26/Dec/2016:23:41:19 +0800] "GET /static/js/main.js HTTP/1.1" 304 -
0:0:0:0:0:0:0:1 - - [26/Dec/2016:23:41:19 +0800] "GET /static/js/bootstrap.min.js HTTP/1.1" 304 -
0:0:0:0:0:0:0:1 - - [26/Dec/2016:23:41:19 +0800] "GET /static/js/jquery.isotope.min.js HTTP/1.1" 304 -
0:0:0:0:0:0:0:1 - - [26/Dec/2016:23:41:19 +0800] "GET /static/js/wow.min.js HTTP/1.1" 304 -
0:0:0:0:0:0:0:1 - - [26/Dec/2016:23:41:19 +0800] "GET /static/fonts/fontawesome-webfont.woff?v=4.0.3 HTTP/1.1" 304 -
0:0:0:0:0:0:0:1 - - [26/Dec/2016:23:41:43 +0800] "GET //about HTTP/1.1" 200 5087
0:0:0:0:0:0:0:1 - - [26/Dec/2016:23:41:47 +0800] "GET / HTTP/1.1" 200 43826
0:0:0:0:0:0:0:1 - - [26/Dec/2016:23:41:55 +0800] "GET / HTTP/1.1" 200 43826
0:0:0:0:0:0:0:1 - - [26/Dec/2016:23:41:56 +0800] "GET / HTTP/1.1" 200 43826
0:0:0:0:0:0:0:1 - - [26/Dec/2016:23:43:15 +0800] "GET / HTTP/1.1" 200 43825
0:0:0:0:0:0:0:1 - - [26/Dec/2016:23:43:25 +0800] "GET /about HTTP/1.1" 200 5086
0:0:0:0:0:0:0:1 - - [26/Dec/2016:23:43:31 +0800] "GET /about HTTP/1.1" 200 5086
0:0:0:0:0:0:0:1 - - [26/Dec/2016:23:43:32 +0800] "GET /about HTTP/1.1" 200 5086
0:0:0:0:0:0:0:1 - - [26/Dec/2016:23:43:36 +0800] "GET / HTTP/1.1" 200 43825
0:0:0:0:0:0:0:1 - - [26/Dec/2016:23:43:37 +0800] "GET /about HTTP/1.1" 200 5086
0:0:0:0:0:0:0:1 - - [26/Dec/2016:23:43:41 +0800] "GET /about HTTP/1.1" 200 5086
0:0:0:0:0:0:0:1 - - [26/Dec/2016:23:43:43 +0800] "GET /about HTTP/1.1" 200 5086
0:0:0:0:0:0:0:1 - - [26/Dec/2016:23:43:46 +0800] "GET / HTTP/1.1" 200 43825
0:0:0:0:0:0:0:1 - - [26/Dec/2016:23:43:46 +0800] "GET /about HTTP/1.1" 200 5086
