0:0:0:0:0:0:0:1 - - [21/Dec/2016:00:30:19 +0800] "GET /test/demo HTTP/1.1" 500 437
0:0:0:0:0:0:0:1 - - [21/Dec/2016:00:30:19 +0800] "GET /favicon.ico HTTP/1.1" 200 946
0:0:0:0:0:0:0:1 - - [21/Dec/2016:00:30:52 +0800] "GET /hello/contact-us HTTP/1.1" 404 306
0:0:0:0:0:0:0:1 - - [21/Dec/2016:00:31:00 +0800] "GET /hello/contact HTTP/1.1" 200 14547
0:0:0:0:0:0:0:1 - - [21/Dec/2016:00:31:00 +0800] "GET /css/bootstrap.min.css HTTP/1.1" 200 99558
0:0:0:0:0:0:0:1 - - [21/Dec/2016:00:31:00 +0800] "GET /css/prettyPhoto.css HTTP/1.1" 200 19888
0:0:0:0:0:0:0:1 - - [21/Dec/2016:00:31:00 +0800] "GET /css/main.css HTTP/1.1" 200 45262
0:0:0:0:0:0:0:1 - - [21/Dec/2016:00:31:00 +0800] "GET /css/responsive.css HTTP/1.1" 200 4479
0:0:0:0:0:0:0:1 - - [21/Dec/2016:00:31:00 +0800] "GET /css/font-awesome.min.css HTTP/1.1" 200 17780
0:0:0:0:0:0:0:1 - - [21/Dec/2016:00:31:00 +0800] "GET /css/animate.min.css HTTP/1.1" 200 55844
0:0:0:0:0:0:0:1 - - [21/Dec/2016:00:31:00 +0800] "GET /js/jquery.js HTTP/1.1" 200 93106
0:0:0:0:0:0:0:1 - - [21/Dec/2016:00:31:00 +0800] "GET /js/bootstrap.min.js HTTP/1.1" 200 27822
0:0:0:0:0:0:0:1 - - [21/Dec/2016:00:31:00 +0800] "GET /js/jquery.prettyPhoto.js HTTP/1.1" 200 22060
0:0:0:0:0:0:0:1 - - [21/Dec/2016:00:31:00 +0800] "GET /js/main.js HTTP/1.1" 200 1677
0:0:0:0:0:0:0:1 - - [21/Dec/2016:00:31:00 +0800] "GET /js/wow.min.js HTTP/1.1" 200 4776
0:0:0:0:0:0:0:1 - - [21/Dec/2016:00:31:00 +0800] "GET /js/jquery.isotope.min.js HTTP/1.1" 200 16033
0:0:0:0:0:0:0:1 - - [21/Dec/2016:00:31:00 +0800] "GET /images/logo.png HTTP/1.1" 200 5223
0:0:0:0:0:0:0:1 - - [21/Dec/2016:00:31:00 +0800] "GET /images/map.jpg HTTP/1.1" 200 84150
0:0:0:0:0:0:0:1 - - [21/Dec/2016:00:31:00 +0800] "GET /fonts/fontawesome-webfont.woff?v=4.0.3 HTTP/1.1" 200 44432
0:0:0:0:0:0:0:1 - - [21/Dec/2016:00:31:01 +0800] "GET /images/ico/favicon.ico HTTP/1.1" 200 1150
0:0:0:0:0:0:0:1 - - [21/Dec/2016:00:31:05 +0800] "GET /static/about-us.html HTTP/1.1" 404 306
0:0:0:0:0:0:0:1 - - [21/Dec/2016:00:37:23 +0800] "GET /static/index.html HTTP/1.1" 404 306
0:0:0:0:0:0:0:1 - - [21/Dec/2016:00:38:30 +0800] "GET /static/index.html HTTP/1.1" 404 306
0:0:0:0:0:0:0:1 - - [21/Dec/2016:00:38:57 +0800] "GET / HTTP/1.1" 200 43693
0:0:0:0:0:0:0:1 - - [21/Dec/2016:00:38:57 +0800] "GET /images/slider/img1.png HTTP/1.1" 200 250057
0:0:0:0:0:0:0:1 - - [21/Dec/2016:00:38:57 +0800] "GET /images/slider/img2.png HTTP/1.1" 200 293187
0:0:0:0:0:0:0:1 - - [21/Dec/2016:00:38:57 +0800] "GET /images/slider/img3.png HTTP/1.1" 200 290134
0:0:0:0:0:0:0:1 - - [21/Dec/2016:00:38:57 +0800] "GET /images/portfolio/recent/item3.png HTTP/1.1" 200 67173
0:0:0:0:0:0:0:1 - - [21/Dec/2016:00:38:57 +0800] "GET /images/portfolio/recent/item2.png HTTP/1.1" 200 100798
0:0:0:0:0:0:0:1 - - [21/Dec/2016:00:38:57 +0800] "GET /images/portfolio/recent/item1.png HTTP/1.1" 200 84479
0:0:0:0:0:0:0:1 - - [21/Dec/2016:00:38:57 +0800] "GET /images/portfolio/recent/item5.png HTTP/1.1" 200 103336
0:0:0:0:0:0:0:1 - - [21/Dec/2016:00:38:57 +0800] "GET /images/portfolio/recent/item4.png HTTP/1.1" 200 95565
0:0:0:0:0:0:0:1 - - [21/Dec/2016:00:38:57 +0800] "GET /images/portfolio/recent/item6.png HTTP/1.1" 200 102321
0:0:0:0:0:0:0:1 - - [21/Dec/2016:00:38:57 +0800] "GET /images/portfolio/recent/item7.png HTTP/1.1" 200 111589
0:0:0:0:0:0:0:1 - - [21/Dec/2016:00:38:57 +0800] "GET /images/portfolio/recent/item8.png HTTP/1.1" 200 116815
0:0:0:0:0:0:0:1 - - [21/Dec/2016:00:38:58 +0800] "GET /images/services/services1.png HTTP/1.1" 200 6054
0:0:0:0:0:0:0:1 - - [21/Dec/2016:00:38:58 +0800] "GET /images/services/services2.png HTTP/1.1" 200 8305
0:0:0:0:0:0:0:1 - - [21/Dec/2016:00:38:58 +0800] "GET /images/services/services3.png HTTP/1.1" 200 8125
0:0:0:0:0:0:0:1 - - [21/Dec/2016:00:38:58 +0800] "GET /images/services/services4.png HTTP/1.1" 200 4601
0:0:0:0:0:0:0:1 - - [21/Dec/2016:00:38:58 +0800] "GET /images/services/services5.png HTTP/1.1" 200 6789
0:0:0:0:0:0:0:1 - - [21/Dec/2016:00:38:58 +0800] "GET /images/services/services6.png HTTP/1.1" 200 7264
0:0:0:0:0:0:0:1 - - [21/Dec/2016:00:38:58 +0800] "GET /images/accordion1.png HTTP/1.1" 200 39104
0:0:0:0:0:0:0:1 - - [21/Dec/2016:00:38:58 +0800] "GET /images/tab2.png HTTP/1.1" 200 90344
0:0:0:0:0:0:0:1 - - [21/Dec/2016:00:38:58 +0800] "GET /images/tab1.png HTTP/1.1" 200 82244
0:0:0:0:0:0:0:1 - - [21/Dec/2016:00:38:58 +0800] "GET /images/testimonials1.png HTTP/1.1" 200 10942
0:0:0:0:0:0:0:1 - - [21/Dec/2016:00:38:58 +0800] "GET /images/partners/partner1.png HTTP/1.1" 200 7041
0:0:0:0:0:0:0:1 - - [21/Dec/2016:00:38:58 +0800] "GET /images/partners/partner2.png HTTP/1.1" 200 8405
0:0:0:0:0:0:0:1 - - [21/Dec/2016:00:38:58 +0800] "GET /images/partners/partner3.png HTTP/1.1" 200 7206
0:0:0:0:0:0:0:1 - - [21/Dec/2016:00:38:58 +0800] "GET /images/partners/partner4.png HTTP/1.1" 200 4924
0:0:0:0:0:0:0:1 - - [21/Dec/2016:00:38:58 +0800] "GET /images/partners/partner5.png HTTP/1.1" 200 6203
0:0:0:0:0:0:0:1 - - [21/Dec/2016:00:38:58 +0800] "GET /images/slider/bg1.jpg HTTP/1.1" 200 155843
0:0:0:0:0:0:0:1 - - [21/Dec/2016:00:38:58 +0800] "GET /images/slider/bg2.jpg HTTP/1.1" 200 177372
0:0:0:0:0:0:0:1 - - [21/Dec/2016:00:38:58 +0800] "GET /images/slider/bg3.jpg HTTP/1.1" 200 185460
0:0:0:0:0:0:0:1 - - [21/Dec/2016:00:38:58 +0800] "GET /images/partners/partner_bg.png HTTP/1.1" 200 263750
0:0:0:0:0:0:0:1 - - [21/Dec/2016:00:38:58 +0800] "GET /images/contact.png HTTP/1.1" 200 87490
0:0:0:0:0:0:0:1 - - [21/Dec/2016:00:38:58 +0800] "GET /images/services/bg_services.png HTTP/1.1" 200 1072984
0:0:0:0:0:0:0:1 - - [21/Dec/2016:00:39:21 +0800] "GET /about-us.html HTTP/1.1" 200 17867
0:0:0:0:0:0:0:1 - - [21/Dec/2016:00:39:21 +0800] "GET /images/man3.jpg HTTP/1.1" 200 7627
0:0:0:0:0:0:0:1 - - [21/Dec/2016:00:39:21 +0800] "GET /images/slider_one.jpg HTTP/1.1" 200 196223
0:0:0:0:0:0:0:1 - - [21/Dec/2016:00:39:21 +0800] "GET /images/man1.jpg HTTP/1.1" 200 7696
0:0:0:0:0:0:0:1 - - [21/Dec/2016:00:39:21 +0800] "GET /images/man4.jpg HTTP/1.1" 200 8885
0:0:0:0:0:0:0:1 - - [21/Dec/2016:00:39:22 +0800] "GET /images/man2.jpg HTTP/1.1" 200 7892
0:0:0:0:0:0:0:1 - - [21/Dec/2016:00:39:23 +0800] "GET /index.html HTTP/1.1" 200 43693
0:0:0:0:0:0:0:1 - - [21/Dec/2016:00:39:25 +0800] "GET /services.html HTTP/1.1" 200 14423
0:0:0:0:0:0:0:1 - - [21/Dec/2016:00:39:25 +0800] "GET /images/client1.png HTTP/1.1" 200 42873
0:0:0:0:0:0:0:1 - - [21/Dec/2016:00:39:25 +0800] "GET /images/client3.png HTTP/1.1" 200 45014
0:0:0:0:0:0:0:1 - - [21/Dec/2016:00:39:25 +0800] "GET /images/client2.png HTTP/1.1" 200 47084
0:0:0:0:0:0:0:1 - - [21/Dec/2016:00:39:26 +0800] "GET /images/image_bg.png HTTP/1.1" 200 3257
0:0:0:0:0:0:0:1 - - [21/Dec/2016:00:39:27 +0800] "GET /portfolio.html HTTP/1.1" 200 16907
0:0:0:0:0:0:0:1 - - [21/Dec/2016:00:39:43 +0800] "GET /contact-us.html HTTP/1.1" 200 14336
0:0:0:0:0:0:0:1 - - [21/Dec/2016:00:40:35 +0800] "GET /contact-us.html HTTP/1.1" 304 -
0:0:0:0:0:0:0:1 - - [21/Dec/2016:00:41:19 +0800] "GET /index.html HTTP/1.1" 200 43693
0:0:0:0:0:0:0:1 - - [21/Dec/2016:00:41:19 +0800] "GET /css/bootstrap.min.css HTTP/1.1" 200 99558
0:0:0:0:0:0:0:1 - - [21/Dec/2016:00:41:19 +0800] "GET /css/font-awesome.min.css HTTP/1.1" 200 17780
0:0:0:0:0:0:0:1 - - [21/Dec/2016:00:41:19 +0800] "GET /css/animate.min.css HTTP/1.1" 200 55844
0:0:0:0:0:0:0:1 - - [21/Dec/2016:00:41:19 +0800] "GET /css/main.css HTTP/1.1" 200 45262
0:0:0:0:0:0:0:1 - - [21/Dec/2016:00:41:19 +0800] "GET /css/prettyPhoto.css HTTP/1.1" 200 19888
0:0:0:0:0:0:0:1 - - [21/Dec/2016:00:41:19 +0800] "GET /css/responsive.css HTTP/1.1" 200 4479
0:0:0:0:0:0:0:1 - - [21/Dec/2016:00:41:19 +0800] "GET /images/logo.png HTTP/1.1" 200 5223
0:0:0:0:0:0:0:1 - - [21/Dec/2016:00:41:19 +0800] "GET /images/slider/img1.png HTTP/1.1" 200 250057
0:0:0:0:0:0:0:1 - - [21/Dec/2016:00:41:19 +0800] "GET /images/slider/img2.png HTTP/1.1" 200 293187
0:0:0:0:0:0:0:1 - - [21/Dec/2016:00:41:19 +0800] "GET /images/slider/img3.png HTTP/1.1" 200 290134
0:0:0:0:0:0:0:1 - - [21/Dec/2016:00:41:19 +0800] "GET /images/portfolio/recent/item4.png HTTP/1.1" 200 95565
0:0:0:0:0:0:0:1 - - [21/Dec/2016:00:41:19 +0800] "GET /images/portfolio/recent/item1.png HTTP/1.1" 200 84479
0:0:0:0:0:0:0:1 - - [21/Dec/2016:00:41:19 +0800] "GET /images/portfolio/recent/item6.png HTTP/1.1" 200 102321
0:0:0:0:0:0:0:1 - - [21/Dec/2016:00:41:19 +0800] "GET /images/portfolio/recent/item3.png HTTP/1.1" 200 67173
0:0:0:0:0:0:0:1 - - [21/Dec/2016:00:41:19 +0800] "GET /images/portfolio/recent/item2.png HTTP/1.1" 200 100798
0:0:0:0:0:0:0:1 - - [21/Dec/2016:00:41:19 +0800] "GET /images/portfolio/recent/item5.png HTTP/1.1" 200 103336
0:0:0:0:0:0:0:1 - - [21/Dec/2016:00:41:19 +0800] "GET /js/jquery.js HTTP/1.1" 200 93106
0:0:0:0:0:0:0:1 - - [21/Dec/2016:00:41:19 +0800] "GET /js/bootstrap.min.js HTTP/1.1" 200 27822
0:0:0:0:0:0:0:1 - - [21/Dec/2016:00:41:19 +0800] "GET /js/jquery.prettyPhoto.js HTTP/1.1" 200 22060
0:0:0:0:0:0:0:1 - - [21/Dec/2016:00:41:19 +0800] "GET /js/jquery.isotope.min.js HTTP/1.1" 200 16033
0:0:0:0:0:0:0:1 - - [21/Dec/2016:00:41:19 +0800] "GET /js/main.js HTTP/1.1" 200 1677
0:0:0:0:0:0:0:1 - - [21/Dec/2016:00:41:19 +0800] "GET /images/portfolio/recent/item7.png HTTP/1.1" 200 111589
0:0:0:0:0:0:0:1 - - [21/Dec/2016:00:41:19 +0800] "GET /js/wow.min.js HTTP/1.1" 200 4776
0:0:0:0:0:0:0:1 - - [21/Dec/2016:00:41:19 +0800] "GET /images/portfolio/recent/item8.png HTTP/1.1" 200 116815
0:0:0:0:0:0:0:1 - - [21/Dec/2016:00:41:19 +0800] "GET /images/services/services1.png HTTP/1.1" 200 6054
0:0:0:0:0:0:0:1 - - [21/Dec/2016:00:41:19 +0800] "GET /images/services/services2.png HTTP/1.1" 200 8305
0:0:0:0:0:0:0:1 - - [21/Dec/2016:00:41:19 +0800] "GET /images/services/services3.png HTTP/1.1" 200 8125
0:0:0:0:0:0:0:1 - - [21/Dec/2016:00:41:19 +0800] "GET /images/services/services4.png HTTP/1.1" 200 4601
0:0:0:0:0:0:0:1 - - [21/Dec/2016:00:41:19 +0800] "GET /images/services/services5.png HTTP/1.1" 200 6789
0:0:0:0:0:0:0:1 - - [21/Dec/2016:00:41:19 +0800] "GET /images/accordion1.png HTTP/1.1" 200 39104
0:0:0:0:0:0:0:1 - - [21/Dec/2016:00:41:19 +0800] "GET /images/tab2.png HTTP/1.1" 200 90344
0:0:0:0:0:0:0:1 - - [21/Dec/2016:00:41:19 +0800] "GET /images/services/services6.png HTTP/1.1" 200 7264
0:0:0:0:0:0:0:1 - - [21/Dec/2016:00:41:19 +0800] "GET /images/tab1.png HTTP/1.1" 200 82244
0:0:0:0:0:0:0:1 - - [21/Dec/2016:00:41:19 +0800] "GET /images/testimonials1.png HTTP/1.1" 200 10942
0:0:0:0:0:0:0:1 - - [21/Dec/2016:00:41:19 +0800] "GET /images/partners/partner3.png HTTP/1.1" 200 7206
0:0:0:0:0:0:0:1 - - [21/Dec/2016:00:41:19 +0800] "GET /images/partners/partner2.png HTTP/1.1" 200 8405
0:0:0:0:0:0:0:1 - - [21/Dec/2016:00:41:19 +0800] "GET /images/partners/partner4.png HTTP/1.1" 200 4924
0:0:0:0:0:0:0:1 - - [21/Dec/2016:00:41:19 +0800] "GET /images/partners/partner5.png HTTP/1.1" 200 6203
0:0:0:0:0:0:0:1 - - [21/Dec/2016:00:41:19 +0800] "GET /images/partners/partner1.png HTTP/1.1" 200 7041
0:0:0:0:0:0:0:1 - - [21/Dec/2016:00:41:20 +0800] "GET /fonts/fontawesome-webfont.woff?v=4.0.3 HTTP/1.1" 200 44432
0:0:0:0:0:0:0:1 - - [21/Dec/2016:00:41:20 +0800] "GET /images/slider/bg1.jpg HTTP/1.1" 200 155843
0:0:0:0:0:0:0:1 - - [21/Dec/2016:00:41:20 +0800] "GET /images/slider/bg2.jpg HTTP/1.1" 200 177372
0:0:0:0:0:0:0:1 - - [21/Dec/2016:00:41:20 +0800] "GET /images/slider/bg3.jpg HTTP/1.1" 200 185460
0:0:0:0:0:0:0:1 - - [21/Dec/2016:00:41:20 +0800] "GET /images/contact.png HTTP/1.1" 200 87490
0:0:0:0:0:0:0:1 - - [21/Dec/2016:00:41:20 +0800] "GET /images/partners/partner_bg.png HTTP/1.1" 200 263750
0:0:0:0:0:0:0:1 - - [21/Dec/2016:00:41:20 +0800] "GET /images/services/bg_services.png HTTP/1.1" 200 1072984
0:0:0:0:0:0:0:1 - - [21/Dec/2016:00:41:23 +0800] "GET /contact-us.html HTTP/1.1" 200 14336
0:0:0:0:0:0:0:1 - - [21/Dec/2016:00:41:23 +0800] "GET /images/map.jpg HTTP/1.1" 200 84150
0:0:0:0:0:0:0:1 - - [21/Dec/2016:00:42:35 +0800] "GET / HTTP/1.1" 200 43693
0:0:0:0:0:0:0:1 - - [21/Dec/2016:00:42:56 +0800] "GET /contact-us.html HTTP/1.1" 404 306
0:0:0:0:0:0:0:1 - - [21/Dec/2016:00:43:01 +0800] "GET / HTTP/1.1" 200 43693
0:0:0:0:0:0:0:1 - - [21/Dec/2016:00:43:01 +0800] "GET /css/prettyPhoto.css HTTP/1.1" 200 19888
0:0:0:0:0:0:0:1 - - [21/Dec/2016:00:43:01 +0800] "GET /css/main.css HTTP/1.1" 200 45262
0:0:0:0:0:0:0:1 - - [21/Dec/2016:00:43:01 +0800] "GET /css/font-awesome.min.css HTTP/1.1" 200 17780
0:0:0:0:0:0:0:1 - - [21/Dec/2016:00:43:01 +0800] "GET /css/animate.min.css HTTP/1.1" 200 55844
0:0:0:0:0:0:0:1 - - [21/Dec/2016:00:43:01 +0800] "GET /css/responsive.css HTTP/1.1" 200 4479
0:0:0:0:0:0:0:1 - - [21/Dec/2016:00:43:01 +0800] "GET /css/bootstrap.min.css HTTP/1.1" 200 99558
0:0:0:0:0:0:0:1 - - [21/Dec/2016:00:43:01 +0800] "GET /js/jquery.js HTTP/1.1" 200 93106
0:0:0:0:0:0:0:1 - - [21/Dec/2016:00:43:01 +0800] "GET /js/bootstrap.min.js HTTP/1.1" 200 27822
0:0:0:0:0:0:0:1 - - [21/Dec/2016:00:43:01 +0800] "GET /js/jquery.prettyPhoto.js HTTP/1.1" 200 22060
0:0:0:0:0:0:0:1 - - [21/Dec/2016:00:43:01 +0800] "GET /js/main.js HTTP/1.1" 200 1677
0:0:0:0:0:0:0:1 - - [21/Dec/2016:00:43:01 +0800] "GET /js/wow.min.js HTTP/1.1" 200 4776
0:0:0:0:0:0:0:1 - - [21/Dec/2016:00:43:01 +0800] "GET /js/jquery.isotope.min.js HTTP/1.1" 200 16033
0:0:0:0:0:0:0:1 - - [21/Dec/2016:00:43:01 +0800] "GET /images/logo.png HTTP/1.1" 200 5223
0:0:0:0:0:0:0:1 - - [21/Dec/2016:00:43:01 +0800] "GET /images/slider/img1.png HTTP/1.1" 200 250057
0:0:0:0:0:0:0:1 - - [21/Dec/2016:00:43:01 +0800] "GET /images/slider/img2.png HTTP/1.1" 200 293187
0:0:0:0:0:0:0:1 - - [21/Dec/2016:00:43:01 +0800] "GET /images/portfolio/recent/item1.png HTTP/1.1" 200 84479
0:0:0:0:0:0:0:1 - - [21/Dec/2016:00:43:01 +0800] "GET /images/slider/img3.png HTTP/1.1" 200 290134
0:0:0:0:0:0:0:1 - - [21/Dec/2016:00:43:01 +0800] "GET /images/portfolio/recent/item2.png HTTP/1.1" 200 100798
0:0:0:0:0:0:0:1 - - [21/Dec/2016:00:43:01 +0800] "GET /images/portfolio/recent/item3.png HTTP/1.1" 200 67173
0:0:0:0:0:0:0:1 - - [21/Dec/2016:00:43:01 +0800] "GET /images/portfolio/recent/item4.png HTTP/1.1" 200 95565
0:0:0:0:0:0:0:1 - - [21/Dec/2016:00:43:01 +0800] "GET /images/portfolio/recent/item5.png HTTP/1.1" 200 103336
0:0:0:0:0:0:0:1 - - [21/Dec/2016:00:43:01 +0800] "GET /images/portfolio/recent/item6.png HTTP/1.1" 200 102321
0:0:0:0:0:0:0:1 - - [21/Dec/2016:00:43:01 +0800] "GET /images/services/services1.png HTTP/1.1" 200 6054
0:0:0:0:0:0:0:1 - - [21/Dec/2016:00:43:01 +0800] "GET /images/portfolio/recent/item7.png HTTP/1.1" 200 111589
0:0:0:0:0:0:0:1 - - [21/Dec/2016:00:43:01 +0800] "GET /images/portfolio/recent/item8.png HTTP/1.1" 200 116815
0:0:0:0:0:0:0:1 - - [21/Dec/2016:00:43:01 +0800] "GET /images/services/services2.png HTTP/1.1" 200 8305
0:0:0:0:0:0:0:1 - - [21/Dec/2016:00:43:01 +0800] "GET /images/services/services3.png HTTP/1.1" 200 8125
0:0:0:0:0:0:0:1 - - [21/Dec/2016:00:43:01 +0800] "GET /images/services/services4.png HTTP/1.1" 200 4601
0:0:0:0:0:0:0:1 - - [21/Dec/2016:00:43:01 +0800] "GET /images/services/services5.png HTTP/1.1" 200 6789
0:0:0:0:0:0:0:1 - - [21/Dec/2016:00:43:01 +0800] "GET /images/services/services6.png HTTP/1.1" 200 7264
0:0:0:0:0:0:0:1 - - [21/Dec/2016:00:43:01 +0800] "GET /images/accordion1.png HTTP/1.1" 200 39104
0:0:0:0:0:0:0:1 - - [21/Dec/2016:00:43:01 +0800] "GET /images/tab2.png HTTP/1.1" 200 90344
0:0:0:0:0:0:0:1 - - [21/Dec/2016:00:43:01 +0800] "GET /images/tab1.png HTTP/1.1" 200 82244
0:0:0:0:0:0:0:1 - - [21/Dec/2016:00:43:01 +0800] "GET /images/partners/partner1.png HTTP/1.1" 200 7041
0:0:0:0:0:0:0:1 - - [21/Dec/2016:00:43:01 +0800] "GET /images/partners/partner2.png HTTP/1.1" 200 8405
0:0:0:0:0:0:0:1 - - [21/Dec/2016:00:43:01 +0800] "GET /images/testimonials1.png HTTP/1.1" 200 10942
0:0:0:0:0:0:0:1 - - [21/Dec/2016:00:43:01 +0800] "GET /images/partners/partner3.png HTTP/1.1" 200 7206
0:0:0:0:0:0:0:1 - - [21/Dec/2016:00:43:01 +0800] "GET /images/partners/partner4.png HTTP/1.1" 200 4924
0:0:0:0:0:0:0:1 - - [21/Dec/2016:00:43:01 +0800] "GET /images/partners/partner5.png HTTP/1.1" 200 6203
0:0:0:0:0:0:0:1 - - [21/Dec/2016:00:43:02 +0800] "GET /images/slider/bg2.jpg HTTP/1.1" 200 177372
0:0:0:0:0:0:0:1 - - [21/Dec/2016:00:43:02 +0800] "GET /images/slider/bg3.jpg HTTP/1.1" 200 185460
0:0:0:0:0:0:0:1 - - [21/Dec/2016:00:43:02 +0800] "GET /fonts/fontawesome-webfont.woff?v=4.0.3 HTTP/1.1" 200 44432
0:0:0:0:0:0:0:1 - - [21/Dec/2016:00:43:02 +0800] "GET /images/slider/bg1.jpg HTTP/1.1" 200 155843
0:0:0:0:0:0:0:1 - - [21/Dec/2016:00:43:02 +0800] "GET /images/partners/partner_bg.png HTTP/1.1" 200 263750
0:0:0:0:0:0:0:1 - - [21/Dec/2016:00:43:02 +0800] "GET /images/contact.png HTTP/1.1" 200 87490
0:0:0:0:0:0:0:1 - - [21/Dec/2016:00:43:02 +0800] "GET /images/services/bg_services.png HTTP/1.1" 200 1072984
0:0:0:0:0:0:0:1 - - [21/Dec/2016:00:43:04 +0800] "GET /contact-us.html HTTP/1.1" 404 306
0:0:0:0:0:0:0:1 - - [21/Dec/2016:00:44:33 +0800] "GET / HTTP/1.1" 404 306
0:0:0:0:0:0:0:1 - - [21/Dec/2016:00:44:37 +0800] "GET / HTTP/1.1" 404 306
0:0:0:0:0:0:0:1 - - [21/Dec/2016:00:45:04 +0800] "GET /index.html HTTP/1.1" 404 306
0:0:0:0:0:0:0:1 - - [21/Dec/2016:00:45:19 +0800] "GET /index.html HTTP/1.1" 404 306
0:0:0:0:0:0:0:1 - - [21/Dec/2016:00:46:21 +0800] "GET /test/demo HTTP/1.1" 500 372
0:0:0:0:0:0:0:1 - - [21/Dec/2016:00:46:22 +0800] "GET /test/demo HTTP/1.1" 500 372
0:0:0:0:0:0:0:1 - - [21/Dec/2016:00:48:33 +0800] "GET /test/demo HTTP/1.1" 500 649
