0:0:0:0:0:0:0:1 - - [23/Jan/2017:01:05:21 +0800] "GET /static/css/prettyPhoto.css HTTP/1.1" 200 19888
0:0:0:0:0:0:0:1 - - [23/Jan/2017:01:05:21 +0800] "GET /static/css/bootstrap.min.css HTTP/1.1" 200 99558
0:0:0:0:0:0:0:1 - - [23/Jan/2017:01:05:21 +0800] "GET /static/css/responsive.css HTTP/1.1" 200 4479
0:0:0:0:0:0:0:1 - - [23/Jan/2017:01:05:21 +0800] "GET /static/css/font-awesome.min.css HTTP/1.1" 200 17780
0:0:0:0:0:0:0:1 - - [23/Jan/2017:01:05:21 +0800] "GET /static/css/animate.min.css HTTP/1.1" 200 55844
0:0:0:0:0:0:0:1 - - [23/Jan/2017:01:05:22 +0800] "GET / HTTP/1.1" 200 21898
0:0:0:0:0:0:0:1 - - [23/Jan/2017:01:05:22 +0800] "GET /static/js/jquery.js HTTP/1.1" 200 93106
0:0:0:0:0:0:0:1 - - [23/Jan/2017:01:05:22 +0800] "GET /static/images/logo5.png HTTP/1.1" 200 3662
0:0:0:0:0:0:0:1 - - [23/Jan/2017:01:05:22 +0800] "GET /static/js/bootstrap.min.js HTTP/1.1" 200 27822
0:0:0:0:0:0:0:1 - - [23/Jan/2017:01:05:22 +0800] "GET /static/js/jquery.prettyPhoto.js HTTP/1.1" 200 22060
0:0:0:0:0:0:0:1 - - [23/Jan/2017:01:05:22 +0800] "GET /static/js/jquery.isotope.min.js HTTP/1.1" 200 16033
0:0:0:0:0:0:0:1 - - [23/Jan/2017:01:05:22 +0800] "GET /static/js/main.js HTTP/1.1" 200 1695
0:0:0:0:0:0:0:1 - - [23/Jan/2017:01:05:22 +0800] "GET /static/css/main.css HTTP/1.1" 200 2469443
0:0:0:0:0:0:0:1 - - [23/Jan/2017:01:05:22 +0800] "GET /static/js/wow.min.js HTTP/1.1" 200 4776
0:0:0:0:0:0:0:1 - - [23/Jan/2017:01:05:22 +0800] "GET /static/images/wenzi500.png HTTP/1.1" 200 9099
0:0:0:0:0:0:0:1 - - [23/Jan/2017:01:05:22 +0800] "GET /static/images/wenzi30.png HTTP/1.1" 200 9605
0:0:0:0:0:0:0:1 - - [23/Jan/2017:01:05:22 +0800] "GET /static/images/erweima.png HTTP/1.1" 200 22801
0:0:0:0:0:0:0:1 - - [23/Jan/2017:01:05:22 +0800] "GET /static/images/portfolio/recent/1.jpg HTTP/1.1" 200 72013
0:0:0:0:0:0:0:1 - - [23/Jan/2017:01:05:22 +0800] "GET /static/images/portfolio/recent/5.jpg HTTP/1.1" 200 72710
0:0:0:0:0:0:0:1 - - [23/Jan/2017:01:05:22 +0800] "GET /static/images/portfolio/recent/6.jpg HTTP/1.1" 200 64284
0:0:0:0:0:0:0:1 - - [23/Jan/2017:01:05:22 +0800] "GET /static/images/portfolio/recent/4.jpg HTTP/1.1" 200 80352
0:0:0:0:0:0:0:1 - - [23/Jan/2017:01:05:22 +0800] "GET /static/images/portfolio/recent/7.jpg HTTP/1.1" 200 72449
0:0:0:0:0:0:0:1 - - [23/Jan/2017:01:05:22 +0800] "GET /static/images/tabPhoto/2.jpg HTTP/1.1" 200 104534
0:0:0:0:0:0:0:1 - - [23/Jan/2017:01:05:22 +0800] "GET /static/images/portfolio/recent/8.jpg HTTP/1.1" 200 61863
0:0:0:0:0:0:0:1 - - [23/Jan/2017:01:05:22 +0800] "GET /static/images/portfolio/recent/3.jpg HTTP/1.1" 200 79033
0:0:0:0:0:0:0:1 - - [23/Jan/2017:01:05:22 +0800] "GET /static/images/tabPhoto/1.jpg HTTP/1.1" 200 218106
0:0:0:0:0:0:0:1 - - [23/Jan/2017:01:05:22 +0800] "GET /static/images/tabPhoto/3.jpg HTTP/1.1" 200 157549
0:0:0:0:0:0:0:1 - - [23/Jan/2017:01:05:22 +0800] "GET /static/images/tabPhoto/4.jpg HTTP/1.1" 200 247910
0:0:0:0:0:0:0:1 - - [23/Jan/2017:01:05:22 +0800] "GET /static/images/tabPhoto/5.jpg HTTP/1.1" 200 221752
0:0:0:0:0:0:0:1 - - [23/Jan/2017:01:05:22 +0800] "GET /static/images/portfolio/recent/2.jpg HTTP/1.1" 200 71173
0:0:0:0:0:0:0:1 - - [23/Jan/2017:01:05:22 +0800] "GET /static/images/tabPhoto/6.jpg HTTP/1.1" 200 279111
0:0:0:0:0:0:0:1 - - [23/Jan/2017:01:05:22 +0800] "GET /static/images/tabPhoto/11.jpg HTTP/1.1" 200 71645
0:0:0:0:0:0:0:1 - - [23/Jan/2017:01:05:22 +0800] "GET /static/images/tabPhoto/7.jpg HTTP/1.1" 200 124335
0:0:0:0:0:0:0:1 - - [23/Jan/2017:01:05:22 +0800] "GET /static/images/tabPhoto/12.jpg HTTP/1.1" 200 64631
0:0:0:0:0:0:0:1 - - [23/Jan/2017:01:05:22 +0800] "GET /static/images/tabPhoto/13.jpg HTTP/1.1" 200 65103
0:0:0:0:0:0:0:1 - - [23/Jan/2017:01:05:22 +0800] "GET /static/images/tabPhoto/14.jpg HTTP/1.1" 200 62182
0:0:0:0:0:0:0:1 - - [23/Jan/2017:01:05:22 +0800] "GET /static/images/tabPhoto/8.jpg HTTP/1.1" 200 167908
0:0:0:0:0:0:0:1 - - [23/Jan/2017:01:05:22 +0800] "GET /static/images/tabPhoto/9.jpg HTTP/1.1" 200 252674
0:0:0:0:0:0:0:1 - - [23/Jan/2017:01:05:22 +0800] "GET /static/images/tabPhoto/10.jpg HTTP/1.1" 200 152583
0:0:0:0:0:0:0:1 - - [23/Jan/2017:01:05:22 +0800] "GET /static/fonts/fontawesome-webfont.woff?v=4.0.3 HTTP/1.1" 200 44432
0:0:0:0:0:0:0:1 - - [23/Jan/2017:01:05:22 +0800] "GET /static/images/tabPhoto/car_clean_green.jpg HTTP/1.1" 200 101150
0:0:0:0:0:0:0:1 - - [23/Jan/2017:01:05:22 +0800] "GET /static/images/tabPhoto/nice_service_grey.jpg HTTP/1.1" 200 79708
0:0:0:0:0:0:0:1 - - [23/Jan/2017:01:05:22 +0800] "GET /static/images/tabPhoto/car_beauty_grey.jpg HTTP/1.1" 200 88508
0:0:0:0:0:0:0:1 - - [23/Jan/2017:01:05:22 +0800] "GET /static/images/tabPhoto/rebates_system_grey.jpg HTTP/1.1" 200 78238
0:0:0:0:0:0:0:1 - - [23/Jan/2017:01:05:23 +0800] "GET /static/images/ico/favicon.ico HTTP/1.1" 200 3827
0:0:0:0:0:0:0:1 - - [23/Jan/2017:01:06:46 +0800] "GET /about HTTP/1.1" 200 8664
0:0:0:0:0:0:0:1 - - [23/Jan/2017:01:06:46 +0800] "GET /static/css/main.css HTTP/1.1" 304 -
0:0:0:0:0:0:0:1 - - [23/Jan/2017:01:06:46 +0800] "GET /static/images/logo3.png HTTP/1.1" 404 138
0:0:0:0:0:0:0:1 - - [23/Jan/2017:01:07:36 +0800] "GET /static/fonts/glyphicons-halflings-regular.woff HTTP/1.1" 200 23292
0:0:0:0:0:0:0:1 - - [23/Jan/2017:01:08:04 +0800] "GET /about HTTP/1.1" 200 8664
0:0:0:0:0:0:0:1 - - [23/Jan/2017:01:08:04 +0800] "GET /static/css/main.css HTTP/1.1" 304 -
0:0:0:0:0:0:0:1 - - [23/Jan/2017:01:08:04 +0800] "GET /static/images/logo3.png HTTP/1.1" 404 138
0:0:0:0:0:0:0:1 - - [23/Jan/2017:01:08:05 +0800] "GET /about HTTP/1.1" 200 8664
0:0:0:0:0:0:0:1 - - [23/Jan/2017:01:08:05 +0800] "GET /static/images/logo3.png HTTP/1.1" 404 138
0:0:0:0:0:0:0:1 - - [23/Jan/2017:01:08:08 +0800] "GET / HTTP/1.1" 200 21890
0:0:0:0:0:0:0:1 - - [23/Jan/2017:01:08:32 +0800] "GET /static/css/main.css HTTP/1.1" 304 -
0:0:0:0:0:0:0:1 - - [23/Jan/2017:01:30:37 +0800] "GET / HTTP/1.1" 200 21892
0:0:0:0:0:0:0:1 - - [23/Jan/2017:01:30:37 +0800] "GET /static/css/bootstrap.min.css HTTP/1.1" 200 99558
0:0:0:0:0:0:0:1 - - [23/Jan/2017:01:30:37 +0800] "GET /static/css/font-awesome.min.css HTTP/1.1" 200 17780
0:0:0:0:0:0:0:1 - - [23/Jan/2017:01:30:37 +0800] "GET /static/css/animate.min.css HTTP/1.1" 200 55844
0:0:0:0:0:0:0:1 - - [23/Jan/2017:01:30:37 +0800] "GET /static/css/prettyPhoto.css HTTP/1.1" 200 19888
0:0:0:0:0:0:0:1 - - [23/Jan/2017:01:30:37 +0800] "GET /static/css/responsive.css HTTP/1.1" 200 4479
0:0:0:0:0:0:0:1 - - [23/Jan/2017:01:30:37 +0800] "GET /static/js/jquery.js HTTP/1.1" 200 93106
0:0:0:0:0:0:0:1 - - [23/Jan/2017:01:30:37 +0800] "GET /static/js/bootstrap.min.js HTTP/1.1" 200 27822
0:0:0:0:0:0:0:1 - - [23/Jan/2017:01:30:37 +0800] "GET /static/js/jquery.prettyPhoto.js HTTP/1.1" 200 22060
0:0:0:0:0:0:0:1 - - [23/Jan/2017:01:30:38 +0800] "GET /static/js/jquery.isotope.min.js HTTP/1.1" 200 16033
0:0:0:0:0:0:0:1 - - [23/Jan/2017:01:30:38 +0800] "GET /static/js/main.js HTTP/1.1" 200 1695
0:0:0:0:0:0:0:1 - - [23/Jan/2017:01:30:38 +0800] "GET /static/js/wow.min.js HTTP/1.1" 200 4776
0:0:0:0:0:0:0:1 - - [23/Jan/2017:01:30:38 +0800] "GET /static/images/logo5.png HTTP/1.1" 200 3662
0:0:0:0:0:0:0:1 - - [23/Jan/2017:01:30:38 +0800] "GET /static/images/wenzi30.png HTTP/1.1" 200 9605
0:0:0:0:0:0:0:1 - - [23/Jan/2017:01:30:38 +0800] "GET /static/images/wenzi500.png HTTP/1.1" 200 9099
0:0:0:0:0:0:0:1 - - [23/Jan/2017:01:30:38 +0800] "GET /static/css/main.css HTTP/1.1" 200 2469543
0:0:0:0:0:0:0:1 - - [23/Jan/2017:01:30:38 +0800] "GET /static/images/erweima.png HTTP/1.1" 200 22801
0:0:0:0:0:0:0:1 - - [23/Jan/2017:01:30:38 +0800] "GET /static/images/portfolio/recent/2.jpg HTTP/1.1" 200 71173
0:0:0:0:0:0:0:1 - - [23/Jan/2017:01:30:38 +0800] "GET /static/images/portfolio/recent/1.jpg HTTP/1.1" 200 72013
0:0:0:0:0:0:0:1 - - [23/Jan/2017:01:30:38 +0800] "GET /static/images/portfolio/recent/3.jpg HTTP/1.1" 200 79033
0:0:0:0:0:0:0:1 - - [23/Jan/2017:01:30:38 +0800] "GET /static/images/portfolio/recent/5.jpg HTTP/1.1" 200 72710
0:0:0:0:0:0:0:1 - - [23/Jan/2017:01:30:38 +0800] "GET /static/images/portfolio/recent/4.jpg HTTP/1.1" 200 80352
0:0:0:0:0:0:0:1 - - [23/Jan/2017:01:30:38 +0800] "GET /static/images/portfolio/recent/6.jpg HTTP/1.1" 200 64284
0:0:0:0:0:0:0:1 - - [23/Jan/2017:01:30:38 +0800] "GET /static/images/portfolio/recent/7.jpg HTTP/1.1" 200 72449
0:0:0:0:0:0:0:1 - - [23/Jan/2017:01:30:38 +0800] "GET /static/images/portfolio/recent/8.jpg HTTP/1.1" 200 61863
0:0:0:0:0:0:0:1 - - [23/Jan/2017:01:30:38 +0800] "GET /static/images/tabPhoto/3.jpg HTTP/1.1" 200 157549
0:0:0:0:0:0:0:1 - - [23/Jan/2017:01:30:38 +0800] "GET /static/images/tabPhoto/2.jpg HTTP/1.1" 200 104534
0:0:0:0:0:0:0:1 - - [23/Jan/2017:01:30:38 +0800] "GET /static/images/tabPhoto/1.jpg HTTP/1.1" 200 218106
0:0:0:0:0:0:0:1 - - [23/Jan/2017:01:30:38 +0800] "GET /static/images/tabPhoto/4.jpg HTTP/1.1" 200 247910
0:0:0:0:0:0:0:1 - - [23/Jan/2017:01:30:38 +0800] "GET /static/images/tabPhoto/5.jpg HTTP/1.1" 200 221752
0:0:0:0:0:0:0:1 - - [23/Jan/2017:01:30:38 +0800] "GET /static/images/tabPhoto/6.jpg HTTP/1.1" 200 279111
0:0:0:0:0:0:0:1 - - [23/Jan/2017:01:30:38 +0800] "GET /static/images/tabPhoto/11.jpg HTTP/1.1" 200 71645
0:0:0:0:0:0:0:1 - - [23/Jan/2017:01:30:38 +0800] "GET /static/images/tabPhoto/7.jpg HTTP/1.1" 200 124335
0:0:0:0:0:0:0:1 - - [23/Jan/2017:01:30:38 +0800] "GET /static/images/tabPhoto/12.jpg HTTP/1.1" 200 64631
0:0:0:0:0:0:0:1 - - [23/Jan/2017:01:30:38 +0800] "GET /static/images/tabPhoto/13.jpg HTTP/1.1" 200 65103
0:0:0:0:0:0:0:1 - - [23/Jan/2017:01:30:38 +0800] "GET /static/images/tabPhoto/14.jpg HTTP/1.1" 200 62182
0:0:0:0:0:0:0:1 - - [23/Jan/2017:01:30:38 +0800] "GET /static/images/tabPhoto/8.jpg HTTP/1.1" 200 167908
0:0:0:0:0:0:0:1 - - [23/Jan/2017:01:30:38 +0800] "GET /static/images/tabPhoto/10.jpg HTTP/1.1" 200 152583
0:0:0:0:0:0:0:1 - - [23/Jan/2017:01:30:38 +0800] "GET /static/images/tabPhoto/9.jpg HTTP/1.1" 200 252674
0:0:0:0:0:0:0:1 - - [23/Jan/2017:01:30:38 +0800] "GET /static/fonts/fontawesome-webfont.woff?v=4.0.3 HTTP/1.1" 200 44432
0:0:0:0:0:0:0:1 - - [23/Jan/2017:01:30:38 +0800] "GET /static/images/tabPhoto/car_clean_green.jpg HTTP/1.1" 200 101150
0:0:0:0:0:0:0:1 - - [23/Jan/2017:01:30:38 +0800] "GET /static/images/tabPhoto/car_beauty_grey.jpg HTTP/1.1" 200 88508
0:0:0:0:0:0:0:1 - - [23/Jan/2017:01:30:38 +0800] "GET /static/images/tabPhoto/nice_service_grey.jpg HTTP/1.1" 200 79708
0:0:0:0:0:0:0:1 - - [23/Jan/2017:01:30:38 +0800] "GET /static/images/tabPhoto/rebates_system_grey.jpg HTTP/1.1" 200 78238
0:0:0:0:0:0:0:1 - - [23/Jan/2017:01:30:41 +0800] "GET /about HTTP/1.1" 200 8664
0:0:0:0:0:0:0:1 - - [23/Jan/2017:01:30:41 +0800] "GET /static/css/main.css HTTP/1.1" 304 -
0:0:0:0:0:0:0:1 - - [23/Jan/2017:01:30:41 +0800] "GET /static/images/logo3.png HTTP/1.1" 404 138
0:0:0:0:0:0:0:1 - - [23/Jan/2017:01:30:44 +0800] "GET /static/fonts/glyphicons-halflings-regular.woff HTTP/1.1" 200 23292
0:0:0:0:0:0:0:1 - - [23/Jan/2017:01:30:51 +0800] "GET /about HTTP/1.1" 200 8664
0:0:0:0:0:0:0:1 - - [23/Jan/2017:01:30:51 +0800] "GET /static/css/main.css HTTP/1.1" 304 -
0:0:0:0:0:0:0:1 - - [23/Jan/2017:01:30:51 +0800] "GET /static/images/logo3.png HTTP/1.1" 404 138
0:0:0:0:0:0:0:1 - - [23/Jan/2017:01:30:52 +0800] "GET /about HTTP/1.1" 200 8664
0:0:0:0:0:0:0:1 - - [23/Jan/2017:01:30:52 +0800] "GET /static/images/logo3.png HTTP/1.1" 404 138
0:0:0:0:0:0:0:1 - - [23/Jan/2017:01:30:53 +0800] "GET /about HTTP/1.1" 200 8664
0:0:0:0:0:0:0:1 - - [23/Jan/2017:01:30:53 +0800] "GET /static/css/main.css HTTP/1.1" 304 -
0:0:0:0:0:0:0:1 - - [23/Jan/2017:01:30:54 +0800] "GET /static/images/logo3.png HTTP/1.1" 404 138
0:0:0:0:0:0:0:1 - - [23/Jan/2017:01:30:55 +0800] "GET /about HTTP/1.1" 200 8664
0:0:0:0:0:0:0:1 - - [23/Jan/2017:01:30:55 +0800] "GET /static/images/logo3.png HTTP/1.1" 404 138
0:0:0:0:0:0:0:1 - - [23/Jan/2017:01:31:00 +0800] "GET /about HTTP/1.1" 200 8664
0:0:0:0:0:0:0:1 - - [23/Jan/2017:01:31:00 +0800] "GET /static/css/main.css HTTP/1.1" 304 -
0:0:0:0:0:0:0:1 - - [23/Jan/2017:01:31:00 +0800] "GET /static/images/logo3.png HTTP/1.1" 404 138
0:0:0:0:0:0:0:1 - - [23/Jan/2017:01:31:03 +0800] "GET /about HTTP/1.1" 200 8664
0:0:0:0:0:0:0:1 - - [23/Jan/2017:01:31:03 +0800] "GET /static/images/logo3.png HTTP/1.1" 404 138
0:0:0:0:0:0:0:1 - - [23/Jan/2017:01:31:04 +0800] "GET /about HTTP/1.1" 200 8664
0:0:0:0:0:0:0:1 - - [23/Jan/2017:01:31:04 +0800] "GET /static/css/main.css HTTP/1.1" 304 -
0:0:0:0:0:0:0:1 - - [23/Jan/2017:01:31:04 +0800] "GET /static/images/logo3.png HTTP/1.1" 404 138
0:0:0:0:0:0:0:1 - - [23/Jan/2017:01:31:08 +0800] "GET /about HTTP/1.1" 200 8664
0:0:0:0:0:0:0:1 - - [23/Jan/2017:01:31:08 +0800] "GET /static/css/main.css HTTP/1.1" 304 -
0:0:0:0:0:0:0:1 - - [23/Jan/2017:01:31:08 +0800] "GET /static/images/logo3.png HTTP/1.1" 404 138
0:0:0:0:0:0:0:1 - - [23/Jan/2017:01:31:11 +0800] "GET /about HTTP/1.1" 200 8664
0:0:0:0:0:0:0:1 - - [23/Jan/2017:01:31:11 +0800] "GET /static/images/logo3.png HTTP/1.1" 404 138
0:0:0:0:0:0:0:1 - - [23/Jan/2017:01:31:13 +0800] "GET /about HTTP/1.1" 200 8664
0:0:0:0:0:0:0:1 - - [23/Jan/2017:01:31:13 +0800] "GET /static/css/main.css HTTP/1.1" 304 -
0:0:0:0:0:0:0:1 - - [23/Jan/2017:01:31:13 +0800] "GET /static/images/logo3.png HTTP/1.1" 404 138
0:0:0:0:0:0:0:1 - - [23/Jan/2017:01:31:18 +0800] "GET /about HTTP/1.1" 200 8664
0:0:0:0:0:0:0:1 - - [23/Jan/2017:01:31:18 +0800] "GET /static/css/main.css HTTP/1.1" 304 -
0:0:0:0:0:0:0:1 - - [23/Jan/2017:01:31:18 +0800] "GET /static/images/logo3.png HTTP/1.1" 404 138
0:0:0:0:0:0:0:1 - - [23/Jan/2017:01:31:20 +0800] "GET /about HTTP/1.1" 200 8664
0:0:0:0:0:0:0:1 - - [23/Jan/2017:01:31:20 +0800] "GET /static/images/logo3.png HTTP/1.1" 404 138
0:0:0:0:0:0:0:1 - - [23/Jan/2017:01:31:23 +0800] "GET /about HTTP/1.1" 200 8664
0:0:0:0:0:0:0:1 - - [23/Jan/2017:01:31:23 +0800] "GET /static/css/main.css HTTP/1.1" 304 -
0:0:0:0:0:0:0:1 - - [23/Jan/2017:01:31:24 +0800] "GET /static/images/logo3.png HTTP/1.1" 404 138
0:0:0:0:0:0:0:1 - - [23/Jan/2017:01:33:51 +0800] "GET /about HTTP/1.1" 200 8664
0:0:0:0:0:0:0:1 - - [23/Jan/2017:01:33:51 +0800] "GET /static/css/main.css HTTP/1.1" 304 -
0:0:0:0:0:0:0:1 - - [23/Jan/2017:01:33:51 +0800] "GET /static/images/logo3.png HTTP/1.1" 404 138
0:0:0:0:0:0:0:1 - - [23/Jan/2017:01:33:55 +0800] "GET / HTTP/1.1" 200 21912
0:0:0:0:0:0:0:1 - - [23/Jan/2017:01:33:57 +0800] "GET /templates/about-us.html HTTP/1.1" 404 306
0:0:0:0:0:0:0:1 - - [23/Jan/2017:01:33:57 +0800] "GET /favicon.ico HTTP/1.1" 200 946
0:0:0:0:0:0:0:1 - - [23/Jan/2017:01:34:31 +0800] "GET /templates/about-us.html HTTP/1.1" 404 306
0:0:0:0:0:0:0:1 - - [23/Jan/2017:01:34:42 +0800] "GET /templates/about-us.html HTTP/1.1" 404 306
0:0:0:0:0:0:0:1 - - [23/Jan/2017:01:45:34 +0800] "GET / HTTP/1.1" 200 20467
0:0:0:0:0:0:0:1 - - [23/Jan/2017:01:45:34 +0800] "GET /static/css/main.css HTTP/1.1" 304 -
0:0:0:0:0:0:0:1 - - [23/Jan/2017:01:45:37 +0800] "GET /templates/about-us.html HTTP/1.1" 404 306
0:0:0:0:0:0:0:1 - - [23/Jan/2017:01:46:19 +0800] "GET / HTTP/1.1" 200 20447
0:0:0:0:0:0:0:1 - - [23/Jan/2017:01:46:25 +0800] "GET /about HTTP/1.1" 200 8659
0:0:0:0:0:0:0:1 - - [23/Jan/2017:01:46:27 +0800] "GET /about HTTP/1.1" 200 8659
0:0:0:0:0:0:0:1 - - [23/Jan/2017:01:46:31 +0800] "GET /about HTTP/1.1" 200 8659
0:0:0:0:0:0:0:1 - - [23/Jan/2017:01:47:09 +0800] "GET /about HTTP/1.1" 200 8659
0:0:0:0:0:0:0:1 - - [23/Jan/2017:01:47:09 +0800] "GET /static/css/main.css HTTP/1.1" 304 -
0:0:0:0:0:0:0:1 - - [23/Jan/2017:01:47:11 +0800] "GET / HTTP/1.1" 200 20447
0:0:0:0:0:0:0:1 - - [23/Jan/2017:01:47:16 +0800] "GET /about HTTP/1.1" 200 8659
0:0:0:0:0:0:0:1 - - [23/Jan/2017:01:47:19 +0800] "GET / HTTP/1.1" 200 20447
0:0:0:0:0:0:0:1 - - [23/Jan/2017:01:47:21 +0800] "GET /about HTTP/1.1" 200 8659
0:0:0:0:0:0:0:1 - - [23/Jan/2017:01:47:23 +0800] "GET / HTTP/1.1" 200 20447
0:0:0:0:0:0:0:1 - - [23/Jan/2017:01:47:25 +0800] "GET /about HTTP/1.1" 200 8659
0:0:0:0:0:0:0:1 - - [23/Jan/2017:01:47:26 +0800] "GET / HTTP/1.1" 200 20447
0:0:0:0:0:0:0:1 - - [23/Jan/2017:01:47:29 +0800] "GET /about HTTP/1.1" 200 8659
0:0:0:0:0:0:0:1 - - [23/Jan/2017:01:47:31 +0800] "GET /about HTTP/1.1" 200 8659
0:0:0:0:0:0:0:1 - - [23/Jan/2017:01:47:32 +0800] "GET / HTTP/1.1" 200 20447
0:0:0:0:0:0:0:1 - - [23/Jan/2017:01:47:34 +0800] "GET /about HTTP/1.1" 200 8659
0:0:0:0:0:0:0:1 - - [23/Jan/2017:01:47:37 +0800] "GET / HTTP/1.1" 200 20447
0:0:0:0:0:0:0:1 - - [23/Jan/2017:01:47:38 +0800] "GET /about HTTP/1.1" 200 8659
0:0:0:0:0:0:0:1 - - [23/Jan/2017:01:47:48 +0800] "GET / HTTP/1.1" 200 20447
0:0:0:0:0:0:0:1 - - [23/Jan/2017:01:47:50 +0800] "GET /about HTTP/1.1" 200 8659
0:0:0:0:0:0:0:1 - - [23/Jan/2017:01:47:52 +0800] "GET / HTTP/1.1" 200 20447
0:0:0:0:0:0:0:1 - - [23/Jan/2017:01:47:54 +0800] "GET /about HTTP/1.1" 200 8659
0:0:0:0:0:0:0:1 - - [23/Jan/2017:01:48:00 +0800] "GET / HTTP/1.1" 200 20447
0:0:0:0:0:0:0:1 - - [23/Jan/2017:01:48:02 +0800] "GET /about HTTP/1.1" 200 8659
0:0:0:0:0:0:0:1 - - [23/Jan/2017:01:49:15 +0800] "GET / HTTP/1.1" 200 20447
0:0:0:0:0:0:0:1 - - [23/Jan/2017:01:49:15 +0800] "GET /static/css/main.css HTTP/1.1" 200 2469569
0:0:0:0:0:0:0:1 - - [23/Jan/2017:01:49:17 +0800] "GET /about HTTP/1.1" 200 8659
0:0:0:0:0:0:0:1 - - [23/Jan/2017:01:49:17 +0800] "GET /static/css/main.css HTTP/1.1" 304 -
0:0:0:0:0:0:0:1 - - [23/Jan/2017:01:50:11 +0800] "GET / HTTP/1.1" 200 20447
0:0:0:0:0:0:0:1 - - [23/Jan/2017:01:50:11 +0800] "GET /static/css/main.css HTTP/1.1" 304 -
0:0:0:0:0:0:0:1 - - [23/Jan/2017:01:50:14 +0800] "GET /about HTTP/1.1" 200 8659
0:0:0:0:0:0:0:1 - - [23/Jan/2017:01:50:18 +0800] "GET / HTTP/1.1" 200 20447
0:0:0:0:0:0:0:1 - - [23/Jan/2017:01:50:18 +0800] "GET /static/css/main.css HTTP/1.1" 304 -
0:0:0:0:0:0:0:1 - - [23/Jan/2017:01:50:21 +0800] "GET /about HTTP/1.1" 200 8659
0:0:0:0:0:0:0:1 - - [23/Jan/2017:01:54:38 +0800] "GET / HTTP/1.1" 200 20447
0:0:0:0:0:0:0:1 - - [23/Jan/2017:01:54:39 +0800] "GET /static/css/main.css HTTP/1.1" 200 2469573
0:0:0:0:0:0:0:1 - - [23/Jan/2017:01:54:42 +0800] "GET /about HTTP/1.1" 200 8658
0:0:0:0:0:0:0:1 - - [23/Jan/2017:01:54:42 +0800] "GET /static/css/main.css HTTP/1.1" 304 -
0:0:0:0:0:0:0:1 - - [23/Jan/2017:01:56:41 +0800] "GET / HTTP/1.1" 200 20447
0:0:0:0:0:0:0:1 - - [23/Jan/2017:01:56:41 +0800] "GET /static/css/main.css HTTP/1.1" 200 2469570
0:0:0:0:0:0:0:1 - - [23/Jan/2017:01:56:43 +0800] "GET /about HTTP/1.1" 200 8658
0:0:0:0:0:0:0:1 - - [23/Jan/2017:01:56:43 +0800] "GET /static/css/main.css HTTP/1.1" 304 -
0:0:0:0:0:0:0:1 - - [23/Jan/2017:01:58:18 +0800] "GET / HTTP/1.1" 200 20447
0:0:0:0:0:0:0:1 - - [23/Jan/2017:01:58:18 +0800] "GET /static/css/main.css HTTP/1.1" 304 -
0:0:0:0:0:0:0:1 - - [23/Jan/2017:01:59:12 +0800] "GET / HTTP/1.1" 200 20447
0:0:0:0:0:0:0:1 - - [23/Jan/2017:01:59:12 +0800] "GET /static/css/main.css HTTP/1.1" 304 -
0:0:0:0:0:0:0:1 - - [23/Jan/2017:01:59:17 +0800] "GET / HTTP/1.1" 200 20447
0:0:0:0:0:0:0:1 - - [23/Jan/2017:01:59:22 +0800] "GET / HTTP/1.1" 200 20447
0:0:0:0:0:0:0:1 - - [23/Jan/2017:01:59:23 +0800] "GET /about HTTP/1.1" 200 8658
0:0:0:0:0:0:0:1 - - [23/Jan/2017:01:59:23 +0800] "GET /about HTTP/1.1" 200 8658
0:0:0:0:0:0:0:1 - - [23/Jan/2017:01:59:25 +0800] "GET / HTTP/1.1" 200 20447
0:0:0:0:0:0:0:1 - - [23/Jan/2017:01:59:27 +0800] "GET /about HTTP/1.1" 200 8658
0:0:0:0:0:0:0:1 - - [23/Jan/2017:02:00:30 +0800] "GET / HTTP/1.1" 200 20447
0:0:0:0:0:0:0:1 - - [23/Jan/2017:02:00:30 +0800] "GET /static/css/main.css HTTP/1.1" 200 2469572
0:0:0:0:0:0:0:1 - - [23/Jan/2017:02:00:32 +0800] "GET /about HTTP/1.1" 200 8658
0:0:0:0:0:0:0:1 - - [23/Jan/2017:02:00:32 +0800] "GET /static/css/main.css HTTP/1.1" 304 -
0:0:0:0:0:0:0:1 - - [23/Jan/2017:02:01:00 +0800] "GET /about HTTP/1.1" 200 8658
0:0:0:0:0:0:0:1 - - [23/Jan/2017:02:01:00 +0800] "GET /static/css/bootstrap.min.css HTTP/1.1" 200 99558
0:0:0:0:0:0:0:1 - - [23/Jan/2017:02:01:00 +0800] "GET /static/css/prettyPhoto.css HTTP/1.1" 200 19888
0:0:0:0:0:0:0:1 - - [23/Jan/2017:02:01:00 +0800] "GET /static/css/font-awesome.min.css HTTP/1.1" 200 17780
0:0:0:0:0:0:0:1 - - [23/Jan/2017:02:01:00 +0800] "GET /static/css/responsive.css HTTP/1.1" 200 4479
0:0:0:0:0:0:0:1 - - [23/Jan/2017:02:01:01 +0800] "GET /static/css/animate.min.css HTTP/1.1" 200 55844
0:0:0:0:0:0:0:1 - - [23/Jan/2017:02:01:01 +0800] "GET /static/js/jquery.js HTTP/1.1" 200 93106
0:0:0:0:0:0:0:1 - - [23/Jan/2017:02:01:01 +0800] "GET /static/js/bootstrap.min.js HTTP/1.1" 200 27822
0:0:0:0:0:0:0:1 - - [23/Jan/2017:02:01:01 +0800] "GET /static/js/jquery.prettyPhoto.js HTTP/1.1" 200 22060
0:0:0:0:0:0:0:1 - - [23/Jan/2017:02:01:01 +0800] "GET /static/js/jquery.isotope.min.js HTTP/1.1" 200 16033
0:0:0:0:0:0:0:1 - - [23/Jan/2017:02:01:01 +0800] "GET /static/js/main.js HTTP/1.1" 200 1695
0:0:0:0:0:0:0:1 - - [23/Jan/2017:02:01:01 +0800] "GET /static/js/wow.min.js HTTP/1.1" 200 4776
0:0:0:0:0:0:0:1 - - [23/Jan/2017:02:01:01 +0800] "GET /static/images/logo5.png HTTP/1.1" 200 3662
0:0:0:0:0:0:0:1 - - [23/Jan/2017:02:01:01 +0800] "GET /static/images/wenzi30.png HTTP/1.1" 200 9605
0:0:0:0:0:0:0:1 - - [23/Jan/2017:02:01:01 +0800] "GET /static/images/wenzi500.png HTTP/1.1" 200 9099
0:0:0:0:0:0:0:1 - - [23/Jan/2017:02:01:01 +0800] "GET /static/css/main.css HTTP/1.1" 200 2469572
0:0:0:0:0:0:0:1 - - [23/Jan/2017:02:01:01 +0800] "GET /static/images/erweima.png HTTP/1.1" 200 22801
0:0:0:0:0:0:0:1 - - [23/Jan/2017:02:01:02 +0800] "GET /static/fonts/fontawesome-webfont.woff?v=4.0.3 HTTP/1.1" 200 44432
0:0:0:0:0:0:0:1 - - [23/Jan/2017:02:01:08 +0800] "GET /about HTTP/1.1" 200 8658
0:0:0:0:0:0:0:1 - - [23/Jan/2017:02:01:08 +0800] "GET /static/css/main.css HTTP/1.1" 304 -
0:0:0:0:0:0:0:1 - - [23/Jan/2017:02:01:09 +0800] "GET /static/images/ico/favicon.ico HTTP/1.1" 200 3827
0:0:0:0:0:0:0:1 - - [23/Jan/2017:02:01:10 +0800] "GET / HTTP/1.1" 200 20447
0:0:0:0:0:0:0:1 - - [23/Jan/2017:02:01:10 +0800] "GET /static/images/portfolio/recent/1.jpg HTTP/1.1" 200 72013
0:0:0:0:0:0:0:1 - - [23/Jan/2017:02:01:10 +0800] "GET /static/images/portfolio/recent/2.jpg HTTP/1.1" 200 71173
0:0:0:0:0:0:0:1 - - [23/Jan/2017:02:01:10 +0800] "GET /static/images/portfolio/recent/3.jpg HTTP/1.1" 200 79033
0:0:0:0:0:0:0:1 - - [23/Jan/2017:02:01:10 +0800] "GET /static/images/portfolio/recent/4.jpg HTTP/1.1" 200 80352
0:0:0:0:0:0:0:1 - - [23/Jan/2017:02:01:10 +0800] "GET /static/images/portfolio/recent/5.jpg HTTP/1.1" 200 72710
0:0:0:0:0:0:0:1 - - [23/Jan/2017:02:01:10 +0800] "GET /static/images/portfolio/recent/6.jpg HTTP/1.1" 200 64284
0:0:0:0:0:0:0:1 - - [23/Jan/2017:02:01:10 +0800] "GET /static/images/portfolio/recent/7.jpg HTTP/1.1" 200 72449
0:0:0:0:0:0:0:1 - - [23/Jan/2017:02:01:10 +0800] "GET /static/images/portfolio/recent/8.jpg HTTP/1.1" 200 61863
0:0:0:0:0:0:0:1 - - [23/Jan/2017:02:01:10 +0800] "GET /static/images/tabPhoto/1.jpg HTTP/1.1" 200 218106
0:0:0:0:0:0:0:1 - - [23/Jan/2017:02:01:10 +0800] "GET /static/images/tabPhoto/2.jpg HTTP/1.1" 200 104534
0:0:0:0:0:0:0:1 - - [23/Jan/2017:02:01:10 +0800] "GET /static/images/tabPhoto/3.jpg HTTP/1.1" 200 157549
0:0:0:0:0:0:0:1 - - [23/Jan/2017:02:01:10 +0800] "GET /static/images/tabPhoto/4.jpg HTTP/1.1" 200 247910
0:0:0:0:0:0:0:1 - - [23/Jan/2017:02:01:11 +0800] "GET /static/images/tabPhoto/5.jpg HTTP/1.1" 200 221752
0:0:0:0:0:0:0:1 - - [23/Jan/2017:02:01:11 +0800] "GET /static/images/tabPhoto/6.jpg HTTP/1.1" 200 279111
0:0:0:0:0:0:0:1 - - [23/Jan/2017:02:01:11 +0800] "GET /static/images/tabPhoto/7.jpg HTTP/1.1" 200 124335
0:0:0:0:0:0:0:1 - - [23/Jan/2017:02:01:11 +0800] "GET /static/images/tabPhoto/11.jpg HTTP/1.1" 200 71645
0:0:0:0:0:0:0:1 - - [23/Jan/2017:02:01:11 +0800] "GET /static/images/tabPhoto/12.jpg HTTP/1.1" 200 64631
0:0:0:0:0:0:0:1 - - [23/Jan/2017:02:01:11 +0800] "GET /static/images/tabPhoto/13.jpg HTTP/1.1" 200 65103
0:0:0:0:0:0:0:1 - - [23/Jan/2017:02:01:11 +0800] "GET /static/images/tabPhoto/14.jpg HTTP/1.1" 200 62182
0:0:0:0:0:0:0:1 - - [23/Jan/2017:02:01:11 +0800] "GET /static/images/tabPhoto/8.jpg HTTP/1.1" 200 167908
0:0:0:0:0:0:0:1 - - [23/Jan/2017:02:01:11 +0800] "GET /static/images/tabPhoto/9.jpg HTTP/1.1" 200 252674
0:0:0:0:0:0:0:1 - - [23/Jan/2017:02:01:11 +0800] "GET /static/images/tabPhoto/10.jpg HTTP/1.1" 200 152583
0:0:0:0:0:0:0:1 - - [23/Jan/2017:02:01:11 +0800] "GET /static/images/tabPhoto/nice_service_grey.jpg HTTP/1.1" 200 79708
0:0:0:0:0:0:0:1 - - [23/Jan/2017:02:01:11 +0800] "GET /static/images/tabPhoto/car_clean_green.jpg HTTP/1.1" 200 101150
0:0:0:0:0:0:0:1 - - [23/Jan/2017:02:01:11 +0800] "GET /static/images/tabPhoto/car_beauty_grey.jpg HTTP/1.1" 200 88508
0:0:0:0:0:0:0:1 - - [23/Jan/2017:02:01:11 +0800] "GET /static/images/tabPhoto/rebates_system_grey.jpg HTTP/1.1" 200 78238
0:0:0:0:0:0:0:1 - - [23/Jan/2017:02:01:12 +0800] "GET /about HTTP/1.1" 200 8658
0:0:0:0:0:0:0:1 - - [23/Jan/2017:02:02:45 +0800] "GET /about HTTP/1.1" 200 8671
0:0:0:0:0:0:0:1 - - [23/Jan/2017:02:02:45 +0800] "GET /static/css/main.css HTTP/1.1" 304 -
0:0:0:0:0:0:0:1 - - [23/Jan/2017:02:02:47 +0800] "GET /about HTTP/1.1" 200 8671
0:0:0:0:0:0:0:1 - - [23/Jan/2017:02:02:49 +0800] "GET / HTTP/1.1" 200 20447
0:0:0:0:0:0:0:1 - - [23/Jan/2017:02:02:50 +0800] "GET /about HTTP/1.1" 200 8671
0:0:0:0:0:0:0:1 - - [23/Jan/2017:02:13:14 +0800] "GET / HTTP/1.1" 200 20447
0:0:0:0:0:0:0:1 - - [23/Jan/2017:02:13:14 +0800] "GET /static/css/main.css HTTP/1.1" 304 -
0:0:0:0:0:0:0:1 - - [23/Jan/2017:02:13:16 +0800] "GET /about HTTP/1.1" 200 8671
0:0:0:0:0:0:0:1 - - [23/Jan/2017:02:13:30 +0800] "GET / HTTP/1.1" 200 20447
0:0:0:0:0:0:0:1 - - [23/Jan/2017:02:14:23 +0800] "GET / HTTP/1.1" 200 20447
0:0:0:0:0:0:0:1 - - [23/Jan/2017:02:14:27 +0800] "GET /about HTTP/1.1" 200 8671
0:0:0:0:0:0:0:1 - - [23/Jan/2017:02:14:31 +0800] "GET /static/fonts/glyphicons-halflings-regular.woff HTTP/1.1" 200 23292
0:0:0:0:0:0:0:1 - - [23/Jan/2017:02:22:10 +0800] "GET / HTTP/1.1" 200 20447
0:0:0:0:0:0:0:1 - - [23/Jan/2017:02:22:11 +0800] "GET /static/css/main.css HTTP/1.1" 200 2469734
0:0:0:0:0:0:0:1 - - [23/Jan/2017:02:22:19 +0800] "GET /about HTTP/1.1" 200 8688
0:0:0:0:0:0:0:1 - - [23/Jan/2017:02:22:19 +0800] "GET /static/css/main.css HTTP/1.1" 304 -
0:0:0:0:0:0:0:1 - - [23/Jan/2017:02:22:21 +0800] "GET / HTTP/1.1" 200 20447
0:0:0:0:0:0:0:1 - - [23/Jan/2017:02:22:22 +0800] "GET /about HTTP/1.1" 200 8688
0:0:0:0:0:0:0:1 - - [23/Jan/2017:02:22:22 +0800] "GET /static/css/main.css HTTP/1.1" 304 -
0:0:0:0:0:0:0:1 - - [23/Jan/2017:02:22:24 +0800] "GET / HTTP/1.1" 200 20447
0:0:0:0:0:0:0:1 - - [23/Jan/2017:02:22:27 +0800] "GET /about HTTP/1.1" 200 8688
0:0:0:0:0:0:0:1 - - [23/Jan/2017:02:22:27 +0800] "GET /static/css/main.css HTTP/1.1" 304 -
0:0:0:0:0:0:0:1 - - [23/Jan/2017:02:22:29 +0800] "GET / HTTP/1.1" 200 20447
0:0:0:0:0:0:0:1 - - [23/Jan/2017:02:22:35 +0800] "GET /about HTTP/1.1" 200 8688
0:0:0:0:0:0:0:1 - - [23/Jan/2017:02:22:35 +0800] "GET /static/css/main.css HTTP/1.1" 304 -
0:0:0:0:0:0:0:1 - - [23/Jan/2017:02:22:47 +0800] "GET / HTTP/1.1" 200 20447
0:0:0:0:0:0:0:1 - - [23/Jan/2017:02:22:47 +0800] "GET /static/css/main.css HTTP/1.1" 304 -
0:0:0:0:0:0:0:1 - - [23/Jan/2017:02:23:03 +0800] "GET / HTTP/1.1" 200 20447
0:0:0:0:0:0:0:1 - - [23/Jan/2017:02:23:04 +0800] "GET /static/css/main.css HTTP/1.1" 304 -
0:0:0:0:0:0:0:1 - - [23/Jan/2017:02:26:09 +0800] "GET /static/css/main.css HTTP/1.1" 304 -
0:0:0:0:0:0:0:1 - - [23/Jan/2017:02:39:54 +0800] "GET /about HTTP/1.1" 200 8688
0:0:0:0:0:0:0:1 - - [23/Jan/2017:02:39:54 +0800] "GET /static/css/main.css HTTP/1.1" 304 -
0:0:0:0:0:0:0:1 - - [23/Jan/2017:02:40:01 +0800] "GET / HTTP/1.1" 200 20447
0:0:0:0:0:0:0:1 - - [23/Jan/2017:02:40:04 +0800] "GET /about HTTP/1.1" 200 8688
0:0:0:0:0:0:0:1 - - [23/Jan/2017:02:44:59 +0800] "GET / HTTP/1.1" 200 18707
0:0:0:0:0:0:0:1 - - [23/Jan/2017:02:44:59 +0800] "GET /static/css/main.css HTTP/1.1" 304 -
0:0:0:0:0:0:0:1 - - [23/Jan/2017:02:45:03 +0800] "GET /about HTTP/1.1" 200 8712
0:0:0:0:0:0:0:1 - - [23/Jan/2017:02:45:22 +0800] "GET / HTTP/1.1" 200 18707
0:0:0:0:0:0:0:1 - - [23/Jan/2017:02:45:24 +0800] "GET /static/images/tabPhoto/rebates_system_green.jpg HTTP/1.1" 200 105773
0:0:0:0:0:0:0:1 - - [23/Jan/2017:02:45:31 +0800] "GET /about HTTP/1.1" 200 8712
0:0:0:0:0:0:0:1 - - [23/Jan/2017:02:52:52 +0800] "GET / HTTP/1.1" 200 18707
0:0:0:0:0:0:0:1 - - [23/Jan/2017:02:52:53 +0800] "GET /static/css/main.css HTTP/1.1" 200 2474390
0:0:0:0:0:0:0:1 - - [23/Jan/2017:02:53:00 +0800] "GET /static/images/prettyPhoto/default/sprite_x.png HTTP/1.1" 404 161
0:0:0:0:0:0:0:1 - - [23/Jan/2017:02:53:00 +0800] "GET /static/images/prettyPhoto/default/sprite.png HTTP/1.1" 404 159
0:0:0:0:0:0:0:1 - - [23/Jan/2017:02:53:00 +0800] "GET /static/images/prettyPhoto/default/sprite_y.png HTTP/1.1" 404 161
0:0:0:0:0:0:0:1 - - [23/Jan/2017:02:53:00 +0800] "GET /static/images/prettyPhoto/default/loader.gif HTTP/1.1" 404 159
0:0:0:0:0:0:0:1 - - [23/Jan/2017:02:53:00 +0800] "GET /static/images/prettyPhoto/default/sprite.png HTTP/1.1" 404 159
0:0:0:0:0:0:0:1 - - [23/Jan/2017:02:53:00 +0800] "GET /static/images/prettyPhoto/default/sprite.png HTTP/1.1" 404 159
0:0:0:0:0:0:0:1 - - [23/Jan/2017:02:53:00 +0800] "GET /static/images/prettyPhoto/light_rounded/btnNext.png HTTP/1.1" 404 166
0:0:0:0:0:0:0:1 - - [23/Jan/2017:02:53:10 +0800] "GET / HTTP/1.1" 200 18707
0:0:0:0:0:0:0:1 - - [23/Jan/2017:02:53:10 +0800] "GET /static/css/bootstrap.min.css HTTP/1.1" 200 99558
0:0:0:0:0:0:0:1 - - [23/Jan/2017:02:53:10 +0800] "GET /static/css/responsive.css HTTP/1.1" 200 4479
0:0:0:0:0:0:0:1 - - [23/Jan/2017:02:53:10 +0800] "GET /static/css/font-awesome.min.css HTTP/1.1" 200 17780
0:0:0:0:0:0:0:1 - - [23/Jan/2017:02:53:10 +0800] "GET /static/css/animate.min.css HTTP/1.1" 200 55844
0:0:0:0:0:0:0:1 - - [23/Jan/2017:02:53:10 +0800] "GET /static/css/prettyPhoto.css HTTP/1.1" 200 19888
0:0:0:0:0:0:0:1 - - [23/Jan/2017:02:53:10 +0800] "GET /static/js/jquery.js HTTP/1.1" 200 93106
0:0:0:0:0:0:0:1 - - [23/Jan/2017:02:53:10 +0800] "GET /static/js/bootstrap.min.js HTTP/1.1" 200 27822
0:0:0:0:0:0:0:1 - - [23/Jan/2017:02:53:10 +0800] "GET /static/js/jquery.prettyPhoto.js HTTP/1.1" 200 22060
0:0:0:0:0:0:0:1 - - [23/Jan/2017:02:53:10 +0800] "GET /static/js/jquery.isotope.min.js HTTP/1.1" 200 16033
0:0:0:0:0:0:0:1 - - [23/Jan/2017:02:53:10 +0800] "GET /static/js/main.js HTTP/1.1" 200 1695
0:0:0:0:0:0:0:1 - - [23/Jan/2017:02:53:10 +0800] "GET /static/js/wow.min.js HTTP/1.1" 200 4776
0:0:0:0:0:0:0:1 - - [23/Jan/2017:02:53:10 +0800] "GET /static/images/logo5.png HTTP/1.1" 200 3662
0:0:0:0:0:0:0:1 - - [23/Jan/2017:02:53:10 +0800] "GET /static/images/wenzi30.png HTTP/1.1" 200 9605
0:0:0:0:0:0:0:1 - - [23/Jan/2017:02:53:10 +0800] "GET /static/images/wenzi500.png HTTP/1.1" 200 9099
0:0:0:0:0:0:0:1 - - [23/Jan/2017:02:53:10 +0800] "GET /static/css/main.css HTTP/1.1" 200 2474390
0:0:0:0:0:0:0:1 - - [23/Jan/2017:02:53:10 +0800] "GET /static/images/erweima.png HTTP/1.1" 200 22801
0:0:0:0:0:0:0:1 - - [23/Jan/2017:02:53:10 +0800] "GET /static/images/portfolio/recent/1.jpg HTTP/1.1" 200 72013
0:0:0:0:0:0:0:1 - - [23/Jan/2017:02:53:10 +0800] "GET /static/images/portfolio/recent/4.jpg HTTP/1.1" 200 80352
0:0:0:0:0:0:0:1 - - [23/Jan/2017:02:53:10 +0800] "GET /static/images/portfolio/recent/5.jpg HTTP/1.1" 200 72710
0:0:0:0:0:0:0:1 - - [23/Jan/2017:02:53:10 +0800] "GET /static/images/portfolio/recent/2.jpg HTTP/1.1" 200 71173
0:0:0:0:0:0:0:1 - - [23/Jan/2017:02:53:10 +0800] "GET /static/images/portfolio/recent/3.jpg HTTP/1.1" 200 79033
0:0:0:0:0:0:0:1 - - [23/Jan/2017:02:53:10 +0800] "GET /static/images/portfolio/recent/6.jpg HTTP/1.1" 200 64284
0:0:0:0:0:0:0:1 - - [23/Jan/2017:02:53:10 +0800] "GET /static/images/portfolio/recent/7.jpg HTTP/1.1" 200 72449
0:0:0:0:0:0:0:1 - - [23/Jan/2017:02:53:10 +0800] "GET /static/images/portfolio/recent/8.jpg HTTP/1.1" 200 61863
0:0:0:0:0:0:0:1 - - [23/Jan/2017:02:53:10 +0800] "GET /static/images/tabPhoto/3.jpg HTTP/1.1" 200 157549
0:0:0:0:0:0:0:1 - - [23/Jan/2017:02:53:10 +0800] "GET /static/images/tabPhoto/4.jpg HTTP/1.1" 200 247910
0:0:0:0:0:0:0:1 - - [23/Jan/2017:02:53:10 +0800] "GET /static/images/tabPhoto/2.jpg HTTP/1.1" 200 104534
0:0:0:0:0:0:0:1 - - [23/Jan/2017:02:53:10 +0800] "GET /static/images/tabPhoto/1.jpg HTTP/1.1" 200 218106
0:0:0:0:0:0:0:1 - - [23/Jan/2017:02:53:10 +0800] "GET /static/images/tabPhoto/7.jpg HTTP/1.1" 200 124335
0:0:0:0:0:0:0:1 - - [23/Jan/2017:02:53:10 +0800] "GET /static/images/tabPhoto/6.jpg HTTP/1.1" 200 279111
0:0:0:0:0:0:0:1 - - [23/Jan/2017:02:53:10 +0800] "GET /static/images/tabPhoto/5.jpg HTTP/1.1" 200 221752
0:0:0:0:0:0:0:1 - - [23/Jan/2017:02:53:10 +0800] "GET /static/images/tabPhoto/12.jpg HTTP/1.1" 200 64631
0:0:0:0:0:0:0:1 - - [23/Jan/2017:02:53:10 +0800] "GET /static/images/tabPhoto/11.jpg HTTP/1.1" 200 71645
0:0:0:0:0:0:0:1 - - [23/Jan/2017:02:53:10 +0800] "GET /static/images/tabPhoto/13.jpg HTTP/1.1" 200 65103
0:0:0:0:0:0:0:1 - - [23/Jan/2017:02:53:10 +0800] "GET /static/images/tabPhoto/14.jpg HTTP/1.1" 200 62182
0:0:0:0:0:0:0:1 - - [23/Jan/2017:02:53:10 +0800] "GET /static/images/tabPhoto/8.jpg HTTP/1.1" 200 167908
0:0:0:0:0:0:0:1 - - [23/Jan/2017:02:53:10 +0800] "GET /static/images/tabPhoto/9.jpg HTTP/1.1" 200 252674
0:0:0:0:0:0:0:1 - - [23/Jan/2017:02:53:10 +0800] "GET /static/images/tabPhoto/10.jpg HTTP/1.1" 200 152583
0:0:0:0:0:0:0:1 - - [23/Jan/2017:02:53:11 +0800] "GET /static/fonts/fontawesome-webfont.woff?v=4.0.3 HTTP/1.1" 200 44432
0:0:0:0:0:0:0:1 - - [23/Jan/2017:02:53:11 +0800] "GET /static/images/tabPhoto/car_clean_green.jpg HTTP/1.1" 200 101150
0:0:0:0:0:0:0:1 - - [23/Jan/2017:02:53:11 +0800] "GET /static/images/tabPhoto/nice_service_grey.jpg HTTP/1.1" 200 79708
0:0:0:0:0:0:0:1 - - [23/Jan/2017:02:53:11 +0800] "GET /static/images/tabPhoto/car_beauty_grey.jpg HTTP/1.1" 200 88508
0:0:0:0:0:0:0:1 - - [23/Jan/2017:02:53:11 +0800] "GET /static/images/tabPhoto/rebates_system_grey.jpg HTTP/1.1" 200 78238
0:0:0:0:0:0:0:1 - - [23/Jan/2017:02:53:11 +0800] "GET /static/images/ico/favicon.ico HTTP/1.1" 200 3827
0:0:0:0:0:0:0:1 - - [23/Jan/2017:02:53:19 +0800] "GET /about HTTP/1.1" 200 8732
0:0:0:0:0:0:0:1 - - [23/Jan/2017:02:53:19 +0800] "GET /static/css/main.css HTTP/1.1" 304 -
0:0:0:0:0:0:0:1 - - [23/Jan/2017:02:53:22 +0800] "GET /static/fonts/glyphicons-halflings-regular.woff HTTP/1.1" 200 23292
0:0:0:0:0:0:0:1 - - [23/Jan/2017:02:53:24 +0800] "GET / HTTP/1.1" 200 18707
0:0:0:0:0:0:0:1 - - [23/Jan/2017:02:53:24 +0800] "GET /static/css/main.css HTTP/1.1" 304 -
0:0:0:0:0:0:0:1 - - [23/Jan/2017:02:53:27 +0800] "GET /static/images/tabPhoto/nice_service_green.jpg HTTP/1.1" 200 103400
0:0:0:0:0:0:0:1 - - [23/Jan/2017:02:53:27 +0800] "GET /static/images/tabPhoto/car_clean_grey.jpg HTTP/1.1" 200 77378
0:0:0:0:0:0:0:1 - - [23/Jan/2017:02:53:28 +0800] "GET /static/images/tabPhoto/car_beauty_green.jpg HTTP/1.1" 200 120647
0:0:0:0:0:0:0:1 - - [23/Jan/2017:02:53:28 +0800] "GET /static/images/tabPhoto/rebates_system_green.jpg HTTP/1.1" 200 105773
0:0:0:0:0:0:0:1 - - [23/Jan/2017:02:53:52 +0800] "GET /static/images/prettyPhoto/default/sprite.png HTTP/1.1" 404 159
0:0:0:0:0:0:0:1 - - [23/Jan/2017:02:53:52 +0800] "GET /static/images/prettyPhoto/default/loader.gif HTTP/1.1" 404 159
0:0:0:0:0:0:0:1 - - [23/Jan/2017:02:53:52 +0800] "GET /static/images/prettyPhoto/default/sprite_y.png HTTP/1.1" 404 161
0:0:0:0:0:0:0:1 - - [23/Jan/2017:02:53:52 +0800] "GET /static/images/prettyPhoto/default/sprite_x.png HTTP/1.1" 404 161
0:0:0:0:0:0:0:1 - - [23/Jan/2017:02:53:52 +0800] "GET /static/images/prettyPhoto/default/sprite.png HTTP/1.1" 404 159
0:0:0:0:0:0:0:1 - - [23/Jan/2017:02:53:52 +0800] "GET /static/images/prettyPhoto/default/sprite.png HTTP/1.1" 404 159
0:0:0:0:0:0:0:1 - - [23/Jan/2017:02:53:52 +0800] "GET /static/images/prettyPhoto/light_rounded/btnNext.png HTTP/1.1" 404 166
0:0:0:0:0:0:0:1 - - [23/Jan/2017:02:54:00 +0800] "GET /about HTTP/1.1" 200 8732
0:0:0:0:0:0:0:1 - - [23/Jan/2017:02:54:00 +0800] "GET /static/css/main.css HTTP/1.1" 304 -
