0:0:0:0:0:0:0:1 - - [31/Dec/2016:04:26:40 +0800] "GET /static/css/prettyPhoto.css HTTP/1.1" 200 19888
0:0:0:0:0:0:0:1 - - [31/Dec/2016:04:26:40 +0800] "GET /static/css/font-awesome.min.css HTTP/1.1" 200 17780
0:0:0:0:0:0:0:1 - - [31/Dec/2016:04:26:40 +0800] "GET /static/css/animate.min.css HTTP/1.1" 200 55844
0:0:0:0:0:0:0:1 - - [31/Dec/2016:04:26:40 +0800] "GET /static/css/main.css HTTP/1.1" 200 45396
0:0:0:0:0:0:0:1 - - [31/Dec/2016:04:26:40 +0800] "GET /static/css/bootstrap.min.css HTTP/1.1" 200 99558
0:0:0:0:0:0:0:1 - - [31/Dec/2016:04:26:40 +0800] "GET /static/css/responsive.css HTTP/1.1" 200 4479
0:0:0:0:0:0:0:1 - - [31/Dec/2016:04:26:40 +0800] "GET /static/images/logo3.png HTTP/1.1" 200 2839
0:0:0:0:0:0:0:1 - - [31/Dec/2016:04:26:40 +0800] "GET /static/images/erweima.png HTTP/1.1" 200 22801
0:0:0:0:0:0:0:1 - - [31/Dec/2016:04:26:40 +0800] "GET / HTTP/1.1" 200 47925
0:0:0:0:0:0:0:1 - - [31/Dec/2016:04:26:40 +0800] "GET /static/images/portfolio/full/item2.jpg HTTP/1.1" 200 78103
0:0:0:0:0:0:0:1 - - [31/Dec/2016:04:26:40 +0800] "GET /static/images/portfolio/full/item1.jpg HTTP/1.1" 200 81451
0:0:0:0:0:0:0:1 - - [31/Dec/2016:04:26:40 +0800] "GET /static/images/portfolio/full/item4.jpg HTTP/1.1" 200 77898
0:0:0:0:0:0:0:1 - - [31/Dec/2016:04:26:40 +0800] "GET /static/images/portfolio/full/item5.jpg HTTP/1.1" 200 76519
0:0:0:0:0:0:0:1 - - [31/Dec/2016:04:26:40 +0800] "GET /static/images/portfolio/recent/item3.png HTTP/1.1" 200 67173
0:0:0:0:0:0:0:1 - - [31/Dec/2016:04:26:40 +0800] "GET /static/js/wow.min.js HTTP/1.1" 200 4776
0:0:0:0:0:0:0:1 - - [31/Dec/2016:04:26:40 +0800] "GET /static/js/jquery.js HTTP/1.1" 200 93106
0:0:0:0:0:0:0:1 - - [31/Dec/2016:04:26:40 +0800] "GET /static/js/bootstrap.min.js HTTP/1.1" 200 27822
0:0:0:0:0:0:0:1 - - [31/Dec/2016:04:26:40 +0800] "GET /static/js/jquery.prettyPhoto.js HTTP/1.1" 200 22060
0:0:0:0:0:0:0:1 - - [31/Dec/2016:04:26:40 +0800] "GET /static/js/jquery.isotope.min.js HTTP/1.1" 200 16033
0:0:0:0:0:0:0:1 - - [31/Dec/2016:04:26:40 +0800] "GET /static/js/main.js HTTP/1.1" 200 1677
0:0:0:0:0:0:0:1 - - [31/Dec/2016:04:26:40 +0800] "GET /static/images/slider/bg5.jpg HTTP/1.1" 200 128958
0:0:0:0:0:0:0:1 - - [31/Dec/2016:04:26:40 +0800] "GET /static/images/slider/bg6.jpg HTTP/1.1" 200 306119
0:0:0:0:0:0:0:1 - - [31/Dec/2016:04:26:40 +0800] "GET /static/images/slider/bg4.jpg HTTP/1.1" 200 109669
0:0:0:0:0:0:0:1 - - [31/Dec/2016:04:26:40 +0800] "GET /static/fonts/fontawesome-webfont.woff?v=4.0.3 HTTP/1.1" 200 44432
