0:0:0:0:0:0:0:1 - - [13/Dec/2016:01:51:18 +0800] "GET /css/animate.min.css HTTP/1.1" 304 -
0:0:0:0:0:0:0:1 - - [13/Dec/2016:01:51:18 +0800] "GET /css/font-awesome.min.css HTTP/1.1" 304 -
0:0:0:0:0:0:0:1 - - [13/Dec/2016:01:51:18 +0800] "GET /css/prettyPhoto.css HTTP/1.1" 304 -
0:0:0:0:0:0:0:1 - - [13/Dec/2016:01:51:18 +0800] "GET /css/responsive.css HTTP/1.1" 304 -
0:0:0:0:0:0:0:1 - - [13/Dec/2016:01:51:18 +0800] "GET /css/main.css HTTP/1.1" 304 -
0:0:0:0:0:0:0:1 - - [13/Dec/2016:01:51:18 +0800] "GET /js/jquery.js HTTP/1.1" 304 -
0:0:0:0:0:0:0:1 - - [13/Dec/2016:01:51:18 +0800] "GET / HTTP/1.1" 304 -
0:0:0:0:0:0:0:1 - - [13/Dec/2016:01:51:18 +0800] "GET /js/bootstrap.min.js HTTP/1.1" 304 -
0:0:0:0:0:0:0:1 - - [13/Dec/2016:01:51:18 +0800] "GET /css/bootstrap.min.css HTTP/1.1" 304 -
0:0:0:0:0:0:0:1 - - [13/Dec/2016:01:51:18 +0800] "GET /js/jquery.isotope.min.js HTTP/1.1" 304 -
0:0:0:0:0:0:0:1 - - [13/Dec/2016:01:51:18 +0800] "GET /js/jquery.prettyPhoto.js HTTP/1.1" 304 -
0:0:0:0:0:0:0:1 - - [13/Dec/2016:01:51:18 +0800] "GET /js/main.js HTTP/1.1" 304 -
0:0:0:0:0:0:0:1 - - [13/Dec/2016:01:51:18 +0800] "GET /js/wow.min.js HTTP/1.1" 304 -
0:0:0:0:0:0:0:1 - - [13/Dec/2016:01:51:18 +0800] "GET /images/logo.png HTTP/1.1" 304 -
0:0:0:0:0:0:0:1 - - [13/Dec/2016:01:51:18 +0800] "GET /images/slider/img1.png HTTP/1.1" 304 -
0:0:0:0:0:0:0:1 - - [13/Dec/2016:01:51:18 +0800] "GET /images/slider/img2.png HTTP/1.1" 304 -
0:0:0:0:0:0:0:1 - - [13/Dec/2016:01:51:18 +0800] "GET /images/slider/img3.png HTTP/1.1" 304 -
0:0:0:0:0:0:0:1 - - [13/Dec/2016:01:51:18 +0800] "GET /images/portfolio/recent/item3.png HTTP/1.1" 304 -
0:0:0:0:0:0:0:1 - - [13/Dec/2016:01:51:18 +0800] "GET /images/portfolio/recent/item2.png HTTP/1.1" 304 -
0:0:0:0:0:0:0:1 - - [13/Dec/2016:01:51:18 +0800] "GET /images/portfolio/recent/item6.png HTTP/1.1" 304 -
0:0:0:0:0:0:0:1 - - [13/Dec/2016:01:51:18 +0800] "GET /images/portfolio/recent/item4.png HTTP/1.1" 304 -
0:0:0:0:0:0:0:1 - - [13/Dec/2016:01:51:18 +0800] "GET /images/portfolio/recent/item8.png HTTP/1.1" 304 -
0:0:0:0:0:0:0:1 - - [13/Dec/2016:01:51:19 +0800] "GET /images/services/services1.png HTTP/1.1" 304 -
0:0:0:0:0:0:0:1 - - [13/Dec/2016:01:51:19 +0800] "GET /images/services/services2.png HTTP/1.1" 304 -
0:0:0:0:0:0:0:1 - - [13/Dec/2016:01:51:19 +0800] "GET /images/portfolio/recent/item7.png HTTP/1.1" 304 -
0:0:0:0:0:0:0:1 - - [13/Dec/2016:01:51:19 +0800] "GET /images/portfolio/recent/item1.png HTTP/1.1" 304 -
0:0:0:0:0:0:0:1 - - [13/Dec/2016:01:51:19 +0800] "GET /images/services/services3.png HTTP/1.1" 304 -
0:0:0:0:0:0:0:1 - - [13/Dec/2016:01:51:19 +0800] "GET /images/services/services4.png HTTP/1.1" 304 -
0:0:0:0:0:0:0:1 - - [13/Dec/2016:01:51:19 +0800] "GET /images/portfolio/recent/item5.png HTTP/1.1" 304 -
0:0:0:0:0:0:0:1 - - [13/Dec/2016:01:51:19 +0800] "GET /images/services/services5.png HTTP/1.1" 304 -
0:0:0:0:0:0:0:1 - - [13/Dec/2016:01:51:19 +0800] "GET /images/services/services6.png HTTP/1.1" 304 -
0:0:0:0:0:0:0:1 - - [13/Dec/2016:01:51:19 +0800] "GET /images/accordion1.png HTTP/1.1" 304 -
0:0:0:0:0:0:0:1 - - [13/Dec/2016:01:51:19 +0800] "GET /images/tab2.png HTTP/1.1" 304 -
0:0:0:0:0:0:0:1 - - [13/Dec/2016:01:51:19 +0800] "GET /images/tab1.png HTTP/1.1" 304 -
0:0:0:0:0:0:0:1 - - [13/Dec/2016:01:51:19 +0800] "GET /images/testimonials1.png HTTP/1.1" 304 -
0:0:0:0:0:0:0:1 - - [13/Dec/2016:01:51:19 +0800] "GET /images/partners/partner1.png HTTP/1.1" 304 -
0:0:0:0:0:0:0:1 - - [13/Dec/2016:01:51:19 +0800] "GET /images/partners/partner2.png HTTP/1.1" 304 -
0:0:0:0:0:0:0:1 - - [13/Dec/2016:01:51:19 +0800] "GET /images/partners/partner3.png HTTP/1.1" 304 -
0:0:0:0:0:0:0:1 - - [13/Dec/2016:01:51:19 +0800] "GET /images/partners/partner4.png HTTP/1.1" 304 -
0:0:0:0:0:0:0:1 - - [13/Dec/2016:01:51:19 +0800] "GET /images/partners/partner5.png HTTP/1.1" 304 -
0:0:0:0:0:0:0:1 - - [13/Dec/2016:01:51:19 +0800] "GET /fonts/fontawesome-webfont.woff?v=4.0.3 HTTP/1.1" 304 -
0:0:0:0:0:0:0:1 - - [13/Dec/2016:01:51:19 +0800] "GET /images/slider/bg1.jpg HTTP/1.1" 304 -
0:0:0:0:0:0:0:1 - - [13/Dec/2016:01:51:19 +0800] "GET /images/slider/bg2.jpg HTTP/1.1" 304 -
0:0:0:0:0:0:0:1 - - [13/Dec/2016:01:51:19 +0800] "GET /images/slider/bg3.jpg HTTP/1.1" 304 -
0:0:0:0:0:0:0:1 - - [13/Dec/2016:01:51:19 +0800] "GET /images/partners/partner_bg.png HTTP/1.1" 304 -
0:0:0:0:0:0:0:1 - - [13/Dec/2016:01:51:19 +0800] "GET /images/services/bg_services.png HTTP/1.1" 304 -
0:0:0:0:0:0:0:1 - - [13/Dec/2016:01:51:19 +0800] "GET /images/contact.png HTTP/1.1" 304 -
0:0:0:0:0:0:0:1 - - [13/Dec/2016:01:53:00 +0800] "GET / HTTP/1.1" 304 -
0:0:0:0:0:0:0:1 - - [13/Dec/2016:01:53:00 +0800] "GET /images/ico/favicon.ico HTTP/1.1" 200 1150
0:0:0:0:0:0:0:1 - - [13/Dec/2016:01:53:02 +0800] "GET / HTTP/1.1" 304 -
0:0:0:0:0:0:0:1 - - [13/Dec/2016:01:53:02 +0800] "GET /images/ico/favicon.ico HTTP/1.1" 200 1150
0:0:0:0:0:0:0:1 - - [13/Dec/2016:01:53:03 +0800] "GET / HTTP/1.1" 304 -
0:0:0:0:0:0:0:1 - - [13/Dec/2016:01:53:04 +0800] "GET /images/ico/favicon.ico HTTP/1.1" 200 1150
0:0:0:0:0:0:0:1 - - [13/Dec/2016:01:53:04 +0800] "GET / HTTP/1.1" 304 -
0:0:0:0:0:0:0:1 - - [13/Dec/2016:01:53:04 +0800] "GET /images/ico/favicon.ico HTTP/1.1" 200 1150
