0:0:0:0:0:0:0:1 - - [28/Dec/2016:23:29:24 +0800] "GET /static/css/animate.min.css HTTP/1.1" 304 -
0:0:0:0:0:0:0:1 - - [28/Dec/2016:23:29:24 +0800] "GET /static/css/bootstrap.min.css HTTP/1.1" 304 -
0:0:0:0:0:0:0:1 - - [28/Dec/2016:23:29:24 +0800] "GET /static/css/prettyPhoto.css HTTP/1.1" 304 -
0:0:0:0:0:0:0:1 - - [28/Dec/2016:23:29:24 +0800] "GET /static/css/font-awesome.min.css HTTP/1.1" 304 -
0:0:0:0:0:0:0:1 - - [28/Dec/2016:23:29:24 +0800] "GET / HTTP/1.1" 200 47780
0:0:0:0:0:0:0:1 - - [28/Dec/2016:23:29:24 +0800] "GET /static/css/main.css HTTP/1.1" 304 -
0:0:0:0:0:0:0:1 - - [28/Dec/2016:23:29:24 +0800] "GET /static/css/responsive.css HTTP/1.1" 304 -
0:0:0:0:0:0:0:1 - - [28/Dec/2016:23:29:24 +0800] "GET /static/images/logo.jpg HTTP/1.1" 200 28521
0:0:0:0:0:0:0:1 - - [28/Dec/2016:23:29:24 +0800] "GET /static/images/portfolio/full/item1.jpg HTTP/1.1" 200 81451
0:0:0:0:0:0:0:1 - - [28/Dec/2016:23:29:24 +0800] "GET /static/images/portfolio/full/item2.jpg HTTP/1.1" 200 78103
0:0:0:0:0:0:0:1 - - [28/Dec/2016:23:29:24 +0800] "GET /static/images/portfolio/full/item4.jpg HTTP/1.1" 200 77898
0:0:0:0:0:0:0:1 - - [28/Dec/2016:23:29:24 +0800] "GET /static/images/portfolio/full/item5.jpg HTTP/1.1" 200 76519
0:0:0:0:0:0:0:1 - - [28/Dec/2016:23:29:24 +0800] "GET /static/js/bootstrap.min.js HTTP/1.1" 304 -
0:0:0:0:0:0:0:1 - - [28/Dec/2016:23:29:24 +0800] "GET /static/js/jquery.js HTTP/1.1" 304 -
0:0:0:0:0:0:0:1 - - [28/Dec/2016:23:29:24 +0800] "GET /static/js/jquery.prettyPhoto.js HTTP/1.1" 304 -
0:0:0:0:0:0:0:1 - - [28/Dec/2016:23:29:24 +0800] "GET /static/js/main.js HTTP/1.1" 304 -
0:0:0:0:0:0:0:1 - - [28/Dec/2016:23:29:24 +0800] "GET /static/js/wow.min.js HTTP/1.1" 304 -
0:0:0:0:0:0:0:1 - - [28/Dec/2016:23:29:24 +0800] "GET /static/js/jquery.isotope.min.js HTTP/1.1" 304 -
0:0:0:0:0:0:0:1 - - [28/Dec/2016:23:29:24 +0800] "GET /static/fonts/fontawesome-webfont.woff?v=4.0.3 HTTP/1.1" 304 -
0:0:0:0:0:0:0:1 - - [28/Dec/2016:23:29:24 +0800] "GET /static/images/slider/bg1.jpg HTTP/1.1" 200 824182
0:0:0:0:0:0:0:1 - - [28/Dec/2016:23:29:24 +0800] "GET /static/images/slider/bg3.jpg HTTP/1.1" 200 992411
0:0:0:0:0:0:0:1 - - [28/Dec/2016:23:29:24 +0800] "GET /static/images/slider/bg2.jpg HTTP/1.1" 200 1142249
